=== AC Scan: m13c-build-plan-deepening (phase-4) ===
timestamp: 2026-07-01T07:51:03Z
worktree: /Users/Hugh/Hugh/Project/workflowhub-m13c-build-code
git HEAD: e59f43e41d52ed61bc94cc6c895216fd4a04d913

--- AC-01: skills/spec-research/SKILL.md exists with research.md output ---
PASS: file exists
5:Phase 0 Research Skill。对应 **FR-RESEARCH-001**：新建 `skills/spec-research/SKILL.md`，接受 `task-id` 和功能描述文本为输入，产出 `specs/{task-id}/research.md`。
22:- 文件路径：`specs/{task_id}/research.md`
34:  - 若 `specs/{task_id}/research.md` 缺失，必须先暂停并人工升级，不得自动跳过进入下一阶段。
46:skip_reason: "已有同类 research，复用 specs/auth-v2/research.md"
49:跳过时 Skill 记录 `skip_reason`，不产出 `research.md`，后续阶段消费者须自行处理缺失。
55:Research 阶段产出写入 `specs/{task_id}/research.md`，路径基准由 `task_dir` 字段决定。
81:生成 specs/{task_id}/research.md
89:## 产出格式（research.md 骨架）

--- AC-02: workflows/build-plan/SKILL.md calls spec-research ---
16:The v1 build-plan workflow executes the following steps sequentially. Generation steps (Steps 0, 2-7, 9-10: spec-research, data-contracts, spec-plan, spec-tasks, spec-analyze, constitution check, baseline comparison, F10 gate, plan-reviewer, file identification) must complete before moving to the next. Failure in any generation step before the stage-result write results in stage failure (non-zero exit, no success stage-result), with the exception of spec-research, data-contracts, and plan-reviewer failures, which are recorded and escalated non-blocking.
20:### Step 0: Call spec-research sub-skill
22:Call the `spec-research` skill located at `skills/spec-research/SKILL.md`:
24:- spec-research calls `core/task-dir-parser.mjs` to locate the task directory, then writes `specs/{task-id}/research.md`
26:- If spec-research fails, **record the failure and escalate to human** (non-blocking) — do not hard-stop the pipeline. The build-plan stage continues, but the missing research.md must be acknowledged in stage-result `facts.research_ref` or `missing_items`

--- AC-03: workflows/build-plan/SKILL.md has data-contracts step ---
16:The v1 build-plan workflow executes the following steps sequentially. Generation steps (Steps 0, 2-7, 9-10: spec-research, data-contracts, spec-plan, spec-tasks, spec-analyze, constitution check, baseline comparison, F10 gate, plan-reviewer, file identification) must complete before moving to the next. Failure in any generation step before the stage-result write results in stage failure (non-zero exit, no success stage-result), with the exception of spec-research, data-contracts, and plan-reviewer failures, which are recorded and escalated non-blocking.
46:### Step 1.5: Produce data-contracts
50:- Write a concise `specs/{task-id}/data-contracts.md` containing: (a) contract name, (b) owner side, (c) consumer side, (d) required fields/types, (e) validation rules, (f) version or compatibility notes
51:- If the spec contains no cross-boundary data contract, write `specs/{task-id}/data-contracts.md` with a single-line statement "No cross-boundary data contracts identified" — the file must still exist so downstream steps can rely on it
53:- Reference the data-contracts path in stage-result `facts.data_contracts_ref`
189:- `specs/{task-id}/data-contracts.md` (or unavailable record)
244:    "data_contracts_ref": "<relative path to data-contracts.md or unavailable>",
250:  "reason": "Plan and task list produced via spec-plan/spec-tasks, cross-artifact analyzed, constitution check completed, baseline comparison recorded, research/data-contracts/plan-reviewer recorded, simplicity-guard minimal-path captured, human review checkpoint cleared.",
268:- `facts.data_contracts_ref` — v1 NEW field (points to data-contracts.md or unavailable)

--- AC-04: data-contracts step before tasks.md decomposition ---
46:### Step 1.5: Produce data-contracts

--- AC-05: simplicity-guard called in build-plan ---
58:- Call the `simplicity-guard` skill located at `skills/simplicity-guard/SKILL.md`
60:- simplicity-guard evaluates reuse opportunities against existing skills/workflows and outputs a `minimal-path` field describing the smallest valid implementation path
61:- If simplicity-guard is unavailable, record `minimal-path: unavailable` and continue
246:    "minimal_path": "<simplicity-guard minimal-path conclusion or unavailable>"
250:  "reason": "Plan and task list produced via spec-plan/spec-tasks, cross-artifact analyzed, constitution check completed, baseline comparison recorded, research/data-contracts/plan-reviewer recorded, simplicity-guard minimal-path captured, human review checkpoint cleared.",
270:- `facts.minimal_path` — v1 NEW field (simplicity-guard minimal-path conclusion or unavailable)

--- AC-06: minimal-path field in stage-result ---
60:- simplicity-guard evaluates reuse opportunities against existing skills/workflows and outputs a `minimal-path` field describing the smallest valid implementation path
61:- If simplicity-guard is unavailable, record `minimal-path: unavailable` and continue
62:- Use the `minimal-path` conclusion as a gating input to spec-plan: spec-plan must not introduce new files or mechanisms that contradict the minimal path without documenting the override rationale
193:- Simplicity-guard `minimal-path` conclusion
246:    "minimal_path": "<simplicity-guard minimal-path conclusion or unavailable>"
250:  "reason": "Plan and task list produced via spec-plan/spec-tasks, cross-artifact analyzed, constitution check completed, baseline comparison recorded, research/data-contracts/plan-reviewer recorded, simplicity-guard minimal-path captured, human review checkpoint cleared.",
270:- `facts.minimal_path` — v1 NEW field (simplicity-guard minimal-path conclusion or unavailable)

--- AC-07: plan-reviewer called (no new skill file) ---
16:The v1 build-plan workflow executes the following steps sequentially. Generation steps (Steps 0, 2-7, 9-10: spec-research, data-contracts, spec-plan, spec-tasks, spec-analyze, constitution check, baseline comparison, F10 gate, plan-reviewer, file identification) must complete before moving to the next. Failure in any generation step before the stage-result write results in stage failure (non-zero exit, no success stage-result), with the exception of spec-research, data-contracts, and plan-reviewer failures, which are recorded and escalated non-blocking.
167:**If F10 removes or materially alters plan/tasks entries**: re-execute Steps 2-4 (spec-plan, spec-tasks, spec-analyze) to keep cross-artifact consistency aligned with the final artifacts before proceeding to plan-reviewer and human review.
174:- If accessible, call the plan-reviewer with: `specs/{task-id}/plan.md`, `specs/{task-id}/tasks.md`, and `specs/{task-id}/cross-artifact-analysis.md`
250:  "reason": "Plan and task list produced via spec-plan/spec-tasks, cross-artifact analyzed, constitution check completed, baseline comparison recorded, research/data-contracts/plan-reviewer recorded, simplicity-guard minimal-path captured, human review checkpoint cleared.",
PASS: no new spec-plan-review skill

--- AC-08: plan-eng-review.md output path ---
173:- If the path is not accessible, **record `plan-eng-review.md` as unavailable and escalate to human** (non-blocking); do not block the stage
175:- The reviewer writes `specs/{task-id}/plan-eng-review.md` with an independent engineering verdict
190:- `specs/{task-id}/plan-eng-review.md` (or unavailable record)
245:    "plan_review_ref": "<relative path to plan-eng-review.md or unavailable>",
269:- `facts.plan_review_ref` — v1 NEW field (points to plan-eng-review.md or unavailable)

--- AC-09: plan-reviewer failure non-blocking ---
16:The v1 build-plan workflow executes the following steps sequentially. Generation steps (Steps 0, 2-7, 9-10: spec-research, data-contracts, spec-plan, spec-tasks, spec-analyze, constitution check, baseline comparison, F10 gate, plan-reviewer, file identification) must complete before moving to the next. Failure in any generation step before the stage-result write results in stage failure (non-zero exit, no success stage-result), with the exception of spec-research, data-contracts, and plan-reviewer failures, which are recorded and escalated non-blocking.
26:- If spec-research fails, **record the failure and escalate to human** (non-blocking) — do not hard-stop the pipeline. The build-plan stage continues, but the missing research.md must be acknowledged in stage-result `facts.research_ref` or `missing_items`
52:- If extraction fails or the contract is ambiguous, **record the failure and escalate to human** (non-blocking); do not block spec-plan/spec-tasks from continuing
167:**If F10 removes or materially alters plan/tasks entries**: re-execute Steps 2-4 (spec-plan, spec-tasks, spec-analyze) to keep cross-artifact consistency aligned with the final artifacts before proceeding to plan-reviewer and human review.
173:- If the path is not accessible, **record `plan-eng-review.md` as unavailable and escalate to human** (non-blocking); do not block the stage
174:- If accessible, call the plan-reviewer with: `specs/{task-id}/plan.md`, `specs/{task-id}/tasks.md`, and `specs/{task-id}/cross-artifact-analysis.md`
176:- If the reviewer call fails or times out, **record the failure and escalate to human** (non-blocking); stage-result still succeeds
250:  "reason": "Plan and task list produced via spec-plan/spec-tasks, cross-artifact analyzed, constitution check completed, baseline comparison recorded, research/data-contracts/plan-reviewer recorded, simplicity-guard minimal-path captured, human review checkpoint cleared.",

--- AC-10: ambiguity_items[] in spec-analyze ---
75:For every ambiguity finding, produce an entry in `stage-result.facts.ambiguity_items[]`:
90:- `ambiguity_items[]` is appended to stage-result `facts` alongside `analysis_ref`.
186:### 10. facts.analysis_ref 与 ambiguity_items
194:    "ambiguity_items": [
205:- `ambiguity_items` lists every ambiguity finding with `description` and optional `escalation_path` (`human_confirm`, `next_iteration`, or `acceptable_ambiguity`).

--- AC-11: escalation_path in spec-analyze ---
80:  "escalation_path": "<human_confirm|next_iteration|acceptable_ambiguity>"
85:- `escalation_path` is optional but recommended. Allowed values:
89:- If `escalation_path` is missing, write a warning to the quality-contract but do **not** block downstream progress.
197:        "escalation_path": "next_iteration"
205:- `ambiguity_items` lists every ambiguity finding with `description` and optional `escalation_path` (`human_confirm`, `next_iteration`, or `acceptable_ambiguity`).
206:- Missing `escalation_path` triggers a quality-contract warning only; it does **not** block downstream progress.

--- AC-12: no-placeholder rule in spec-tasks ---
96:### no-placeholder iron rule (FR-TASKS-001)
98:After generating the task list, scan every task description and the generated `tasks.md` for placeholders:
99:- **Forbidden tokens**: `TODO`, `TBD`, `placeholder`, `待定`, `暂缺`, and any literal `<...>` placeholder markers
102:  - Record a friction entry referencing the placeholder location
105:  - **Do not allow that specific task to be decomposed or dispatched downstream** until the placeholder is resolved by a human
106:- If no placeholders are found, proceed normally
176:- `human_intervention` is set to `true` when the no-placeholder rule detects forbidden tokens. The step still completes and writes `tasks.md`, but the contaminated tasks are marked `blocking_item: true` and must not be decomposed or dispatched until resolved by a human.

--- AC-13: blocking_item semantics in spec-tasks ---
101:  - Mark the task with `blocking_item: true`
176:- `human_intervention` is set to `true` when the no-placeholder rule detects forbidden tokens. The step still completes and writes `tasks.md`, but the contaminated tasks are marked `blocking_item: true` and must not be decomposed or dispatched until resolved by a human.

--- AC-14: STOP/Knowledge + upstream_delta in spec-tasks ---
110:### STOP/Knowledge label convention (FR-TASKS-002 soft requirement)
113:- `STOP` — the task must pause at this point and wait for explicit validation before continuing
114:- `Knowledge` — the task depends on a piece of external knowledge that must be verified or documented
116:If a task logically requires a `STOP`/`Knowledge` marker but none is present, write a warning to the quality-contract. This is a soft requirement and does **not** block stage completion.
118:### upstream_delta field
123:- [ ] TXXX 任务描述  FR: FR-XXX-XXX  (upstream_delta: 来自 specs/{task-id}/research.md 的技术选型结论)
126:`upstream_delta` explains what changed compared to the previous upstream artifact and why. It is optional but recommended for tasks that consume `research.md` or `data-contracts.md` output.
136:const taskDir = parseTaskDir(); // reads config/workflowhub.yaml task_dir, falls back to ~/Knowledge/workflowhub/
140:- The returned value is a string path (configured value or `~/Knowledge/workflowhub/`).
167:    "upstream_delta": "<summary of changes inherited from upstream research or previous iteration>"
177:- `upstream_delta` is optional metadata explaining what changed compared to upstream artifacts.

--- AC-15: reuse-registry.md upstream_delta column + spec-research row ---
3:| skill 名 | 复用类别 | 来源路径 | upstream_delta |
23:| spec-research | 自研 | none | Phase 0 research skill 新建（FR-RESEARCH-001） |

--- AC-16: task_dir parser real consumer calls (parseTaskDir grep hit) ---
skills/spec-research/SKILL.md:56:`task_dir` 通过以下解析器读取（AC-16 grep anchor: parseTaskDir）：
skills/spec-research/SKILL.md:59:// AC-16 consumable call — grep: parseTaskDir
skills/spec-research/SKILL.md:60:import { parseTaskDir } from "../../core/task-dir-parser.mjs";
skills/spec-research/SKILL.md:62:const taskDir = parseTaskDir(); // 读 config/workflowhub.yaml 的 task_dir 字段
skills/spec-research/SKILL.md:66:- `parseTaskDir()` 无第三方依赖（FR-TASKDIR-001）。
skills/spec-research/SKILL.md:79:调用 parseTaskDir() 获取 task_dir (AC-16)
workflows/build-plan/SKILL.md:24:- spec-research calls `core/task-dir-parser.mjs` to locate the task directory, then writes `specs/{task-id}/research.md`
workflows/build-plan/SKILL.md:36:**task_dir parser (AC-16)**: Before reading any task-tracking file, call `core/task-dir-parser.mjs` to obtain the base path. Do not hard-code `tasks/{task-id}/`.
workflows/build-plan/SKILL.md:39:// AC-16 consumable call — grep: parseTaskDir
workflows/build-plan/SKILL.md:40:import { parseTaskDir } from "./core/task-dir-parser.mjs";
workflows/build-plan/SKILL.md:41:const taskDir = parseTaskDir(); // reads config/workflowhub.yaml task_dir, falls back to ~/Knowledge/workflowhub/
skills/spec-analyze/SKILL.md:230:读写任务跟踪文件前调用 `core/task-dir-parser.mjs` 取得路径，不得硬编码。
skills/spec-analyze/SKILL.md:233:// AC-16 consumable call — grep: parseTaskDir
skills/spec-analyze/SKILL.md:234:import { parseTaskDir } from "../../core/task-dir-parser.mjs";
skills/spec-analyze/SKILL.md:236:const taskDir = parseTaskDir(); // reads config/workflowhub.yaml task_dir, falls back to ~/Knowledge/workflowhub/
skills/spec-analyze/SKILL.md:239:- `parseTaskDir()` has no third-party dependencies (FR-TASKDIR-001).
skills/spec-tasks/SKILL.md:130:读写任务跟踪文件前调用 `core/task-dir-parser.mjs` 取得路径，不得硬编码。
skills/spec-tasks/SKILL.md:133:// AC-16 consumable call — grep: parseTaskDir
skills/spec-tasks/SKILL.md:134:import { parseTaskDir } from "../../core/task-dir-parser.mjs";
skills/spec-tasks/SKILL.md:136:const taskDir = parseTaskDir(); // reads config/workflowhub.yaml task_dir, falls back to ~/Knowledge/workflowhub/
skills/spec-tasks/SKILL.md:139:- `parseTaskDir()` has no third-party dependencies (FR-TASKDIR-001).

--- AC-17: task_dir parser test file exists ---
PASS: core/task-dir-parser.test.mjs exists
PASS: core/task-dir-parser.mjs exists

--- AC-18: independent 3rd-review artifacts exist ---
PASS: 3rd-review-report.md exists
specs/m13c-build-plan-deepening/3rd-review-work/tasks/spec-20260701T032953Z-fa393e/run-manifest.json
specs/m13c-build-plan-deepening/3rd-review-work/tasks/spec-20260701T032953Z-fa393e/reviews/verdict-round-3.raw.json
specs/m13c-build-plan-deepening/3rd-review-work/tasks/spec-20260701T032953Z-fa393e/reviews/verdict-round-2.raw.json
specs/m13c-build-plan-deepening/3rd-review-work/tasks/spec-20260701T032953Z-fa393e/reviews/report-round-3.md
specs/m13c-build-plan-deepening/3rd-review-work/tasks/spec-20260701T032953Z-fa393e/reviews/report-round-2.md

--- AC-19: simplicity-guard exists + build-spec references it ---
PASS: skills/simplicity-guard/SKILL.md exists
221:- [ ] **F8 简单优先** — 判据：是否选更简单依赖更少的方案、不写掩盖问题的兜底。执行四阶梯判断时调用 `skills/simplicity-guard/SKILL.md`，产物写入 `minimal-path` 字段。

=== End AC Scan ===
