⎯⎯⎯⎯⎯⎯ Failed Tests 38 ⎯⎯⎯⎯⎯⎯⎯

 FAIL  tests/m13-make-decision.test.mjs > T011: SKILL.md — S5 三角度异源盲审 + debate 门控 > S5 runs three parallel independent 3rd-review chains
AssertionError: S5 must mention all three parallel review chains: intake-direction-review, intake-framing-challenge, intake-scope-review

- Expected
+ Received

- true
+ false

 ❯ tests/m13-make-decision.test.mjs:568:12
    566|       content.includes("intake-framing-challenge") &&
    567|       content.includes("intake-scope-review");
    568|     assert.ok(hasThreeReview, "S5 must mention all three parallel revi…
       |            ^
    569|   });
    570| 

⎯⎯⎯⎯⎯⎯⎯⎯⎯⎯⎯⎯⎯⎯⎯⎯⎯⎯⎯⎯⎯⎯⎯[1/38]⎯

 FAIL  tests/m13-make-decision.test.mjs > T011: SKILL.md — S5 三角度异源盲审 + debate 门控 > S5 requires three agent inputs to be mutually isolated
AssertionError: S5 must require three agent inputs to be mutually isolated (互不可见)

- Expected
+ Received

- true
+ false

 ❯ tests/m13-make-decision.test.mjs:578:12
    576|       content.includes("isolated") ||
    577|       content.includes("inputs mutually invisible");
    578|     assert.ok(hasIsolation, "S5 must require three agent inputs to be …
       |            ^
    579|   });
    580| 

⎯⎯⎯⎯⎯⎯⎯⎯⎯⎯⎯⎯⎯⎯⎯⎯⎯⎯⎯⎯⎯⎯⎯[2/38]⎯

 FAIL  tests/m13-make-decision.test.mjs > T011: SKILL.md — S5 三角度异源盲审 + debate 门控 > S5 review result contains reviewer_runtime_id field
AssertionError: S5 review result must contain reviewer_runtime_id field

- Expected
+ Received

- true
+ false

 ❯ tests/m13-make-decision.test.mjs:583:12
    581|   test("S5 review result contains reviewer_runtime_id field", () => {
    582|     const content = readSkill();
    583|     assert.ok(
       |            ^
    584|       content.includes("reviewer_runtime_id"),
    585|       "S5 review result must contain reviewer_runtime_id field"

⎯⎯⎯⎯⎯⎯⎯⎯⎯⎯⎯⎯⎯⎯⎯⎯⎯⎯⎯⎯⎯⎯⎯[3/38]⎯

 FAIL  tests/m13-make-decision.test.mjs > T011: SKILL.md — S5 三角度异源盲审 + debate 门控 > S5 review result contains reviewer_source field
AssertionError: S5 review result must contain reviewer_source field

- Expected
+ Received

- true
+ false

 ❯ tests/m13-make-decision.test.mjs:591:12
    589|   test("S5 review result contains reviewer_source field", () => {
    590|     const content = readSkill();
    591|     assert.ok(
       |            ^
    592|       content.includes("reviewer_source"),
    593|       "S5 review result must contain reviewer_source field"

⎯⎯⎯⎯⎯⎯⎯⎯⎯⎯⎯⎯⎯⎯⎯⎯⎯⎯⎯⎯⎯⎯⎯[4/38]⎯

 FAIL  tests/m13-make-decision.test.mjs > T011: SKILL.md — S5 三角度异源盲审 + debate 门控 > S5 review result contains source_family field
AssertionError: S5 review result must contain source_family field

- Expected
+ Received

- true
+ false

 ❯ tests/m13-make-decision.test.mjs:599:12
    597|   test("S5 review result contains source_family field", () => {
    598|     const content = readSkill();
    599|     assert.ok(
       |            ^
    600|       content.includes("source_family"),
    601|       "S5 review result must contain source_family field"

⎯⎯⎯⎯⎯⎯⎯⎯⎯⎯⎯⎯⎯⎯⎯⎯⎯⎯⎯⎯⎯⎯⎯[5/38]⎯

 FAIL  tests/m13-make-decision.test.mjs > T011: SKILL.md — S5 三角度异源盲审 + debate 门控 > S5 requires three source_family values to be pairwise distinct
AssertionError: S5 must require three source_family values to be pairwise distinct (两两不同)

- Expected
+ Received

- true
+ false

 ❯ tests/m13-make-decision.test.mjs:612:12
    610|       content.includes("三个 source_family 两两不同") ||
    611|       content.includes("source_family 两两不同");
    612|     assert.ok(hasPairwiseDistinct, "S5 must require three source_famil…
       |            ^
    613|   });
    614| 

⎯⎯⎯⎯⎯⎯⎯⎯⎯⎯⎯⎯⎯⎯⎯⎯⎯⎯⎯⎯⎯⎯⎯[6/38]⎯

 FAIL  tests/m13-make-decision.test.mjs > T011: SKILL.md — S5 三角度异源盲审 + debate 门控 > S5 review result contains fallback_used field
AssertionError: S5 review result must contain fallback_used field

- Expected
+ Received

- true
+ false

 ❯ tests/m13-make-decision.test.mjs:617:12
    615|   test("S5 review result contains fallback_used field", () => {
    616|     const content = readSkill();
    617|     assert.ok(
       |            ^
    618|       content.includes("fallback_used"),
    619|       "S5 review result must contain fallback_used field"

⎯⎯⎯⎯⎯⎯⎯⎯⎯⎯⎯⎯⎯⎯⎯⎯⎯⎯⎯⎯⎯⎯⎯[7/38]⎯

 FAIL  tests/m13-make-decision.test.mjs > T011: SKILL.md — S5 三角度异源盲审 + debate 门控 > S5 review result contains input_hash field
AssertionError: S5 review result must contain input_hash field

- Expected
+ Received

- true
+ false

 ❯ tests/m13-make-decision.test.mjs:625:12
    623|   test("S5 review result contains input_hash field", () => {
    624|     const content = readSkill();
    625|     assert.ok(
       |            ^
    626|       content.includes("input_hash"),
    627|       "S5 review result must contain input_hash field"

⎯⎯⎯⎯⎯⎯⎯⎯⎯⎯⎯⎯⎯⎯⎯⎯⎯⎯⎯⎯⎯⎯⎯[8/38]⎯

 FAIL  tests/m13-make-decision.test.mjs > T011: SKILL.md — S5 三角度异源盲审 + debate 门控 > S5 output contains direction_divergence marker
AssertionError: S5 output must contain direction_divergence marker

- Expected
+ Received

- true
+ false

 ❯ tests/m13-make-decision.test.mjs:633:12
    631|   test("S5 output contains direction_divergence marker", () => {
    632|     const content = readSkill();
    633|     assert.ok(
       |            ^
    634|       content.includes("direction_divergence"),
    635|       "S5 output must contain direction_divergence marker"

⎯⎯⎯⎯⎯⎯⎯⎯⎯⎯⎯⎯⎯⎯⎯⎯⎯⎯⎯⎯⎯⎯⎯[9/38]⎯

 FAIL  tests/m13-make-decision.test.mjs > T011: SKILL.md — S5 三角度异源盲审 + debate 门控 > S5 output contains findings list
AssertionError: S5 output must contain findings list

- Expected
+ Received

- true
+ false

 ❯ tests/m13-make-decision.test.mjs:641:12
    639|   test("S5 output contains findings list", () => {
    640|     const content = readSkill();
    641|     assert.ok(
       |            ^
    642|       content.includes("findings"),
    643|       "S5 output must contain findings list"

⎯⎯⎯⎯⎯⎯⎯⎯⎯⎯⎯⎯⎯⎯⎯⎯⎯⎯⎯⎯⎯⎯[10/38]⎯

 FAIL  tests/m13-make-decision.test.mjs > T011: SKILL.md — S5 三角度异源盲审 + debate 门控 > S5 blocking 留痕 uses fixed three-line format: 反对 X / 决定 Y / 理由 Z
AssertionError: S5 blocking 留痕 must use fixed three-line format: 反对 X / 决定 Y / 理由 Z

- Expected
+ Received

- true
+ false

 ❯ tests/m13-make-decision.test.mjs:653:12
    651|       content.includes("反对 X / 决定 Y / 理由 Z") ||
    652|       content.includes("反对 X / 决定 Y / 理由 Z；缺则留痕不完整");
    653|     assert.ok(hasFormat, "S5 blocking 留痕 must use fixed three-line f…
       |            ^
    654|   });
    655| 

⎯⎯⎯⎯⎯⎯⎯⎯⎯⎯⎯⎯⎯⎯⎯⎯⎯⎯⎯⎯⎯⎯[11/38]⎯

 FAIL  tests/m13-make-decision.test.mjs > T011: SKILL.md — S5 三角度异源盲审 + debate 门控 > S5 fallback_used:true causes that angle to fail, stops merging, reports to user
AssertionError: S5 must specify fallback_used:true causes angle failure

- Expected
+ Received

- true
+ false

 ❯ tests/m13-make-decision.test.mjs:670:12
    668|       content.includes("fallback_used:true") ||
    669|       content.includes("fallback_used: true");
    670|     assert.ok(hasFallbackSemantic, "S5 must specify fallback_used:true…
       |            ^
    671|   });
    672| 

⎯⎯⎯⎯⎯⎯⎯⎯⎯⎯⎯⎯⎯⎯⎯⎯⎯⎯⎯⎯⎯⎯[12/38]⎯

 FAIL  tests/m13-make-decision.test.mjs > T011: SKILL.md — S5 三角度异源盲审 + debate 门控 > S5 same source_family causes angle failure (no silent downgrade)
AssertionError: S5 must prohibit silent downgrade when source_family clash

- Expected
+ Received

- true
+ false

 ❯ tests/m13-make-decision.test.mjs:679:12
    677|       content.includes("no silent downgrade") ||
    678|       (content.includes("source_family") && content.includes("相同"));
    679|     assert.ok(hasNoSilentDowngrade, "S5 must prohibit silent downgrade…
       |            ^
    680|   });
    681| 

⎯⎯⎯⎯⎯⎯⎯⎯⎯⎯⎯⎯⎯⎯⎯⎯⎯⎯⎯⎯⎯⎯[13/38]⎯

 FAIL  tests/m13-make-decision.test.mjs > T011: SKILL.md — S5 三角度异源盲审 + debate 门控 > S5 debate gate: no source ID records debate_triggered_invalid:true
AssertionError: S5 debate gate must record debate_triggered_invalid:true when no source ID

- Expected
+ Received

- true
+ false

 ❯ tests/m13-make-decision.test.mjs:684:12
    682|   test("S5 debate gate: no source ID records debate_triggered_invalid:…
    683|     const content = readSkill();
    684|     assert.ok(
       |            ^
    685|       content.includes("debate_triggered_invalid:true") || content.inc…
    686|       "S5 debate gate must record debate_triggered_invalid:true when n…

⎯⎯⎯⎯⎯⎯⎯⎯⎯⎯⎯⎯⎯⎯⎯⎯⎯⎯⎯⎯⎯⎯[14/38]⎯

 FAIL  tests/m13-make-decision.test.mjs > T011: SKILL.md — S5 三角度异源盲审 + debate 门控 > S5 debate gate: triggered output goes to tasks/{task-id}/artifacts/make-decision-debate-1.md
AssertionError: S5 debate gate must produce tasks/{task-id}/artifacts/make-decision-debate-1.md when triggered

- Expected
+ Received

- true
+ false

 ❯ tests/m13-make-decision.test.mjs:692:12
    690|   test("S5 debate gate: triggered output goes to tasks/{task-id}/artif…
    691|     const content = readSkill();
    692|     assert.ok(
       |            ^
    693|       content.includes("make-decision-debate-1.md"),
    694|       "S5 debate gate must produce tasks/{task-id}/artifacts/make-deci…

⎯⎯⎯⎯⎯⎯⎯⎯⎯⎯⎯⎯⎯⎯⎯⎯⎯⎯⎯⎯⎯⎯[15/38]⎯

 FAIL  tests/m13-make-decision.test.mjs > T012: SKILL.md — S6 展示盲审/debate 结果 > S6 section header exists
AssertionError: SKILL.md must contain S6 section

- Expected
+ Received

- true
+ false

 ❯ tests/m13-make-decision.test.mjs:733:12
    731|       content.includes("S6:") ||
    732|       content.includes("### S6");
    733|     assert.ok(hasS6, "SKILL.md must contain S6 section");
       |            ^
    734|   });
    735| 

⎯⎯⎯⎯⎯⎯⎯⎯⎯⎯⎯⎯⎯⎯⎯⎯⎯⎯⎯⎯⎯⎯[16/38]⎯

 FAIL  tests/m13-make-decision.test.mjs > T012: SKILL.md — S6 展示盲审/debate 结果 > S6 is an independent display step
AssertionError: S6 must be an independent display step (独立展示步骤)

- Expected
+ Received

- true
+ false

 ❯ tests/m13-make-decision.test.mjs:742:12
    740|       content.includes("独立展示步骤") ||
    741|       (content.includes("S6") && content.includes("独立"));
    742|     assert.ok(hasIndependent, "S6 must be an independent display step …
       |            ^
    743|   });
    744| 

⎯⎯⎯⎯⎯⎯⎯⎯⎯⎯⎯⎯⎯⎯⎯⎯⎯⎯⎯⎯⎯⎯[17/38]⎯

 FAIL  tests/m13-make-decision.test.mjs > T012: SKILL.md — S6 展示盲审/debate 结果 > S6 shows three-angle blind review findings summary to user
AssertionError: S6 must show three-angle blind review findings summary to user

- Expected
+ Received

- true
+ false

 ❯ tests/m13-make-decision.test.mjs:751:12
    749|       (content.includes("S6") && content.includes("盲审") && content.i…
    750|       content.includes("三角度盲审 findings 摘要");
    751|     assert.ok(hasFindings, "S6 must show three-angle blind review find…
       |            ^
    752|   });
    753| 

⎯⎯⎯⎯⎯⎯⎯⎯⎯⎯⎯⎯⎯⎯⎯⎯⎯⎯⎯⎯⎯⎯[18/38]⎯

 FAIL  tests/m13-make-decision.test.mjs > T012: SKILL.md — S6 展示盲审/debate 结果 > S6 shows direction_divergence status
AssertionError: S6 must display direction_divergence status to user

- Expected
+ Received

- true
+ false

 ❯ tests/m13-make-decision.test.mjs:759:12
    757|     const idx6 = content.indexOf("## S6");
    758|     const hasS6DivShow = idx6 !== -1 && content.slice(idx6).includes("…
    759|     assert.ok(hasS6DivShow, "S6 must display direction_divergence stat…
       |            ^
    760|   });
    761| 

⎯⎯⎯⎯⎯⎯⎯⎯⎯⎯⎯⎯⎯⎯⎯⎯⎯⎯⎯⎯⎯⎯[19/38]⎯

 FAIL  tests/m13-make-decision.test.mjs > T012: SKILL.md — S6 展示盲审/debate 结果 > S6 shows debate verdict or skip reason
AssertionError: S6 must show debate verdict or skip reason

- Expected
+ Received

- true
+ false

 ❯ tests/m13-make-decision.test.mjs:771:12
    769|       s6Section.includes("skip") ||
    770|       s6Section.includes("skipped");
    771|     assert.ok(hasDebateResult, "S6 must show debate verdict or skip re…
       |            ^
    772|   });
    773| 

⎯⎯⎯⎯⎯⎯⎯⎯⎯⎯⎯⎯⎯⎯⎯⎯⎯⎯⎯⎯⎯⎯[20/38]⎯

 FAIL  tests/m13-make-decision.test.mjs > T012: SKILL.md — S6 展示盲审/debate 结果 > S6 records journal event s6_results_shown
AssertionError: S6 must record journal event s6_results_shown

- Expected
+ Received

- true
+ false

 ❯ tests/m13-make-decision.test.mjs:776:12
    774|   test("S6 records journal event s6_results_shown", () => {
    775|     const content = readSkill();
    776|     assert.ok(
       |            ^
    777|       content.includes("s6_results_shown"),
    778|       "S6 must record journal event s6_results_shown"

⎯⎯⎯⎯⎯⎯⎯⎯⎯⎯⎯⎯⎯⎯⎯⎯⎯⎯⎯⎯⎯⎯[21/38]⎯

 FAIL  tests/m13-make-decision.test.mjs > T012: SKILL.md — S6 展示盲审/debate 结果 > S6 does not wait for user confirmation before continuing
AssertionError: S6 must not wait for user confirmation before continuing (展示完即继续)

- Expected
+ Received

- true
+ false

 ❯ tests/m13-make-decision.test.mjs:791:12
    789|       s6Section.includes("no wait") ||
    790|       s6Section.includes("continue immediately");
    791|     assert.ok(hasNoWait, "S6 must not wait for user confirmation befor…
       |            ^
    792|   });
    793| });

⎯⎯⎯⎯⎯⎯⎯⎯⎯⎯⎯⎯⎯⎯⎯⎯⎯⎯⎯⎯⎯⎯[22/38]⎯

 FAIL  tests/m13-make-decision.test.mjs > T013: SKILL.md — S7 talk#3 → grill → draft → orchestrator → debate-2 > S7 executes steps in strict order: talk#3 → grill → draft → orchestrator
AssertionError: S7 must contain talk#3

- Expected
+ Received

- true
+ false

 ❯ tests/m13-make-decision.test.mjs:815:12
    813|     const draftIdx = s7Section.indexOf("draft");
    814|     const orchIdx = s7Section.indexOf("orchestrator");
    815|     assert.ok(talk3Idx !== -1, "S7 must contain talk#3");
       |            ^
    816|     assert.ok(grillIdx !== -1, "S7 must contain grill");
    817|     assert.ok(draftIdx !== -1, "S7 must contain draft");

⎯⎯⎯⎯⎯⎯⎯⎯⎯⎯⎯⎯⎯⎯⎯⎯⎯⎯⎯⎯⎯⎯[23/38]⎯

 FAIL  tests/m13-make-decision.test.mjs > T013: SKILL.md — S7 talk#3 → grill → draft → orchestrator → debate-2 > S7 talk#3 sorts questions Q3 by impact
AssertionError: S7 talk#3 must sort questions Q3 by impact (按影响排序)

- Expected
+ Received

- true
+ false

 ❯ tests/m13-make-decision.test.mjs:831:12
    829|       s7Section.includes("Q3") &&
    830|       (s7Section.includes("按影响排序") || s7Section.includes("impact"…
    831|     assert.ok(hasQ3Impact, "S7 talk#3 must sort questions Q3 by impact…
       |            ^
    832|   });
    833| 

⎯⎯⎯⎯⎯⎯⎯⎯⎯⎯⎯⎯⎯⎯⎯⎯⎯⎯⎯⎯⎯⎯[24/38]⎯

 FAIL  tests/m13-make-decision.test.mjs > T013: SKILL.md — S7 talk#3 → grill → draft → orchestrator → debate-2 > S7 talk#3 depends on S5/S6 outputs
AssertionError: S7 talk#3 must depend on S5/S6 outputs

- Expected
+ Received

- true
+ false

 ❯ tests/m13-make-decision.test.mjs:842:12
    840|       s7Section.includes("S6") ||
    841|       (s7Section.includes("talk#3") && s7Section.includes("依赖"));
    842|     assert.ok(hasDependency, "S7 talk#3 must depend on S5/S6 outputs");
       |            ^
    843|   });
    844| 

⎯⎯⎯⎯⎯⎯⎯⎯⎯⎯⎯⎯⎯⎯⎯⎯⎯⎯⎯⎯⎯⎯[25/38]⎯

 FAIL  tests/m13-make-decision.test.mjs > T013: SKILL.md — S7 talk#3 → grill → draft → orchestrator → debate-2 > S7 talk#3 must not execute before S7
AssertionError: S7 must state talk#3 must not execute before S7

- Expected
+ Received

- true
+ false

 ❯ tests/m13-make-decision.test.mjs:853:12
    851|       s7Section.includes("must not execute before S7") ||
    852|       s7Section.includes("S7 之前");
    853|     assert.ok(hasNotBefore, "S7 must state talk#3 must not execute bef…
       |            ^
    854|   });
    855| 

⎯⎯⎯⎯⎯⎯⎯⎯⎯⎯⎯⎯⎯⎯⎯⎯⎯⎯⎯⎯⎯⎯[26/38]⎯

 FAIL  tests/m13-make-decision.test.mjs > T013: SKILL.md — S7 talk#3 → grill → draft → orchestrator → debate-2 > S7 grill delegates to grill-with-docs-lite (pure delegation)
AssertionError: S7 grill step must delegate to grill-with-docs-lite

- Expected
+ Received

- true
+ false

 ❯ tests/m13-make-decision.test.mjs:858:12
    856|   test("S7 grill delegates to grill-with-docs-lite (pure delegation)",…
    857|     const content = readSkill();
    858|     assert.ok(
       |            ^
    859|       content.includes("grill-with-docs-lite"),
    860|       "S7 grill step must delegate to grill-with-docs-lite"

⎯⎯⎯⎯⎯⎯⎯⎯⎯⎯⎯⎯⎯⎯⎯⎯⎯⎯⎯⎯⎯⎯[27/38]⎯

 FAIL  tests/m13-make-decision.test.mjs > T013: SKILL.md — S7 talk#3 → grill → draft → orchestrator → debate-2 > S7 grill produces make-decision-grill-with-docs.md
AssertionError: S7 grill must produce tasks/{task-id}/artifacts/make-decision-grill-with-docs.md

- Expected
+ Received

- true
+ false

 ❯ tests/m13-make-decision.test.mjs:866:12
    864|   test("S7 grill produces make-decision-grill-with-docs.md", () => {
    865|     const content = readSkill();
    866|     assert.ok(
       |            ^
    867|       content.includes("make-decision-grill-with-docs.md"),
    868|       "S7 grill must produce tasks/{task-id}/artifacts/make-decision-g…

⎯⎯⎯⎯⎯⎯⎯⎯⎯⎯⎯⎯⎯⎯⎯⎯⎯⎯⎯⎯⎯⎯[28/38]⎯

 FAIL  tests/m13-make-decision.test.mjs > T013: SKILL.md — S7 talk#3 → grill → draft → orchestrator → debate-2 > S7 draft produces make-decision-decision-log-draft.md
AssertionError: S7 draft must produce tasks/{task-id}/artifacts/make-decision-decision-log-draft.md

- Expected
+ Received

- true
+ false

 ❯ tests/m13-make-decision.test.mjs:874:12
    872|   test("S7 draft produces make-decision-decision-log-draft.md", () => {
    873|     const content = readSkill();
    874|     assert.ok(
       |            ^
    875|       content.includes("make-decision-decision-log-draft.md"),
    876|       "S7 draft must produce tasks/{task-id}/artifacts/make-decision-d…

⎯⎯⎯⎯⎯⎯⎯⎯⎯⎯⎯⎯⎯⎯⎯⎯⎯⎯⎯⎯⎯⎯[29/38]⎯

 FAIL  tests/m13-make-decision.test.mjs > T013: SKILL.md — S7 talk#3 → grill → draft → orchestrator → debate-2 > S7 draft contains 7 sections (原始需求/问题与目标/决策/假设/明确不做/开放问题/验收标准)
AssertionError: S7 draft must include section: 原始需求

- Expected
+ Received

- true
+ false

 ❯ tests/m13-make-decision.test.mjs:891:12
    889|     const has6 = s7Section.includes("开放问题");
    890|     const has7 = s7Section.includes("验收标准");
    891|     assert.ok(has1, "S7 draft must include section: 原始需求");
       |            ^
    892|     assert.ok(has2, "S7 draft must include section: 问题与目标");
    893|     assert.ok(has3, "S7 draft must include section: 决策");

⎯⎯⎯⎯⎯⎯⎯⎯⎯⎯⎯⎯⎯⎯⎯⎯⎯⎯⎯⎯⎯⎯[30/38]⎯

 FAIL  tests/m13-make-decision.test.mjs > T013: SKILL.md — S7 talk#3 → grill → draft → orchestrator → debate-2 > S7 draft body references make-decision-grill-with-docs.md path
AssertionError: S7 draft must reference make-decision-grill-with-docs.md path in draft body

- Expected
+ Received

- true
+ false

 ❯ tests/m13-make-decision.test.mjs:904:12
    902|     const idx7 = content.indexOf("## S7");
    903|     const s7Section = idx7 !== -1 ? content.slice(idx7, idx7 + 6000) :…
    904|     assert.ok(
       |            ^
    905|       s7Section.includes("make-decision-grill-with-docs.md"),
    906|       "S7 draft must reference make-decision-grill-with-docs.md path i…

⎯⎯⎯⎯⎯⎯⎯⎯⎯⎯⎯⎯⎯⎯⎯⎯⎯⎯⎯⎯⎯⎯[31/38]⎯

 FAIL  tests/m13-make-decision.test.mjs > T013: SKILL.md — S7 talk#3 → grill → draft → orchestrator → debate-2 > S7 orchestrator blocking triggers debate-2, attaches to draft ## orchestrator-findings
AssertionError: S7 orchestrator blocking must attach findings to ## orchestrator-findings section of draft

- Expected
+ Received

- true
+ false

 ❯ tests/m13-make-decision.test.mjs:917:12
    915|       s7Section.includes("orchestrator-findings") ||
    916|       s7Section.includes("## orchestrator-findings");
    917|     assert.ok(hasOrchestratorFindings, "S7 orchestrator blocking must …
       |            ^
    918|   });
    919| 

⎯⎯⎯⎯⎯⎯⎯⎯⎯⎯⎯⎯⎯⎯⎯⎯⎯⎯⎯⎯⎯⎯[32/38]⎯

 FAIL  tests/m13-make-decision.test.mjs > T013: SKILL.md — S7 talk#3 → grill → draft → orchestrator → debate-2 > S7 orchestrator blocking triggers debate-2 output: make-decision-debate-2.md
AssertionError: S7 orchestrator blocking must produce make-decision-debate-2.md

- Expected
+ Received

- true
+ false

 ❯ tests/m13-make-decision.test.mjs:922:12
    920|   test("S7 orchestrator blocking triggers debate-2 output: make-decisi…
    921|     const content = readSkill();
    922|     assert.ok(
       |            ^
    923|       content.includes("make-decision-debate-2.md"),
    924|       "S7 orchestrator blocking must produce make-decision-debate-2.md"

⎯⎯⎯⎯⎯⎯⎯⎯⎯⎯⎯⎯⎯⎯⎯⎯⎯⎯⎯⎯⎯⎯[33/38]⎯

 FAIL  tests/m13-make-decision.test.mjs > T013: SKILL.md — S7 talk#3 → grill → draft → orchestrator → debate-2 > S7 orchestrator blocking does not overwrite draft body
AssertionError: S7 orchestrator debate-2 findings must not overwrite draft body

- Expected
+ Received

- true
+ false

 ❯ tests/m13-make-decision.test.mjs:936:12
    934|       s7Section.includes("does not overwrite") ||
    935|       s7Section.includes("不覆盖");
    936|     assert.ok(hasNoOverwrite, "S7 orchestrator debate-2 findings must …
       |            ^
    937|   });
    938| 

⎯⎯⎯⎯⎯⎯⎯⎯⎯⎯⎯⎯⎯⎯⎯⎯⎯⎯⎯⎯⎯⎯[34/38]⎯

 FAIL  tests/m13-make-decision.test.mjs > T013: SKILL.md — S7 talk#3 → grill → draft → orchestrator → debate-2 > S7 journal event s7_talk3_done
AssertionError: S7 must record journal event s7_talk3_done

- Expected
+ Received

- true
+ false

 ❯ tests/m13-make-decision.test.mjs:941:12
    939|   test("S7 journal event s7_talk3_done", () => {
    940|     const content = readSkill();
    941|     assert.ok(content.includes("s7_talk3_done"), "S7 must record journ…
       |            ^
    942|   });
    943| 

⎯⎯⎯⎯⎯⎯⎯⎯⎯⎯⎯⎯⎯⎯⎯⎯⎯⎯⎯⎯⎯⎯[35/38]⎯

 FAIL  tests/m13-make-decision.test.mjs > T013: SKILL.md — S7 talk#3 → grill → draft → orchestrator → debate-2 > S7 journal event s7_grill_done
AssertionError: S7 must record journal event s7_grill_done

- Expected
+ Received

- true
+ false

 ❯ tests/m13-make-decision.test.mjs:946:12
    944|   test("S7 journal event s7_grill_done", () => {
    945|     const content = readSkill();
    946|     assert.ok(content.includes("s7_grill_done"), "S7 must record journ…
       |            ^
    947|   });
    948| 

⎯⎯⎯⎯⎯⎯⎯⎯⎯⎯⎯⎯⎯⎯⎯⎯⎯⎯⎯⎯⎯⎯[36/38]⎯

 FAIL  tests/m13-make-decision.test.mjs > T013: SKILL.md — S7 talk#3 → grill → draft → orchestrator → debate-2 > S7 journal event s7_draft_complete
AssertionError: S7 must record journal event s7_draft_complete

- Expected
+ Received

- true
+ false

 ❯ tests/m13-make-decision.test.mjs:951:12
    949|   test("S7 journal event s7_draft_complete", () => {
    950|     const content = readSkill();
    951|     assert.ok(content.includes("s7_draft_complete"), "S7 must record j…
       |            ^
    952|   });
    953| 

⎯⎯⎯⎯⎯⎯⎯⎯⎯⎯⎯⎯⎯⎯⎯⎯⎯⎯⎯⎯⎯⎯[37/38]⎯

 FAIL  tests/m13-make-decision.test.mjs > T013: SKILL.md — S7 talk#3 → grill → draft → orchestrator → debate-2 > S7 journal event debate_2_triggered or debate_2_skipped
AssertionError: S7 must record journal event debate_2_triggered or debate_2_skipped

- Expected
+ Received

- true
+ false

 ❯ tests/m13-make-decision.test.mjs:959:12
    957|       content.includes("debate_2_triggered") ||
    958|       content.includes("debate_2_skipped");
    959|     assert.ok(hasDebate2Event, "S7 must record journal event debate_2_…
       |            ^
    960|   });
    961| });

⎯⎯⎯⎯⎯⎯⎯⎯⎯⎯⎯⎯⎯⎯⎯⎯⎯⎯⎯⎯⎯⎯[38/38]⎯

