⎯⎯⎯⎯⎯⎯ Failed Tests 22 ⎯⎯⎯⎯⎯⎯⎯

 FAIL  tests/m13-make-decision.test.mjs > T014: SKILL.md S8 台账渲染点② + CONTEXT 同步 > S8 section header exists
AssertionError: SKILL.md must contain S8 section

- Expected
+ Received

- true
+ false

 ❯ tests/m13-make-decision.test.mjs:974:12
    972|       content.includes("S8: 台账") ||
    973|       content.includes("### S8");
    974|     assert.ok(hasS8, "SKILL.md must contain S8 section");
       |            ^
    975|   });
    976| 

⎯⎯⎯⎯⎯⎯⎯⎯⎯⎯⎯⎯⎯⎯⎯⎯⎯⎯⎯⎯⎯⎯⎯[1/22]⎯

 FAIL  tests/m13-make-decision.test.mjs > T014: SKILL.md S8 台账渲染点② + CONTEXT 同步 > S8 mentions ledger render point 2 (台账渲染点②)
AssertionError: S8 must mention ledger render point 2 (台账渲染点②)

- Expected
+ Received

- true
+ false

 ❯ tests/m13-make-decision.test.mjs:986:12
    984|       s8Section.includes("render point 2") ||
    985|       s8Section.includes("台账渲染");
    986|     assert.ok(hasRender2, "S8 must mention ledger render point 2 (台账…
       |            ^
    987|   });
    988| 

⎯⎯⎯⎯⎯⎯⎯⎯⎯⎯⎯⎯⎯⎯⎯⎯⎯⎯⎯⎯⎯⎯⎯[2/22]⎯

 FAIL  tests/m13-make-decision.test.mjs > T014: SKILL.md S8 台账渲染点② + CONTEXT 同步 > S8 requires no '状态未知' entries in ledger (FR-LEDGER-02)
AssertionError: S8 must enforce no '状态未知' entries and require rejection reasons (FR-LEDGER-02)

- Expected
+ Received

- true
+ false

 ❯ tests/m13-make-decision.test.mjs:998:12
    996|       s8Section.includes("驳回理由") ||
    997|       s8Section.includes("禁静默丢弃");
    998|     assert.ok(hasNoUnknown, "S8 must enforce no '状态未知' entries and…
       |            ^
    999|   });
    1000| 

⎯⎯⎯⎯⎯⎯⎯⎯⎯⎯⎯⎯⎯⎯⎯⎯⎯⎯⎯⎯⎯⎯⎯[3/22]⎯

 FAIL  tests/m13-make-decision.test.mjs > T014: SKILL.md S8 台账渲染点② + CONTEXT 同步 > S8 new-idea backtrack produces candidate list (FR-LEDGER-03)
AssertionError: S8 must produce new-idea candidate list and route via backtrack path (FR-LEDGER-03)

- Expected
+ Received

- true
+ false

 ❯ tests/m13-make-decision.test.mjs:1009:12
    1007|       s8Section.includes("新想法") ||
    1008|       (s8Section.includes("候选列表") && s8Section.includes("回退"));
    1009|     assert.ok(hasFR03, "S8 must produce new-idea candidate list and ro…
       |            ^
    1010|   });
    1011| 

⎯⎯⎯⎯⎯⎯⎯⎯⎯⎯⎯⎯⎯⎯⎯⎯⎯⎯⎯⎯⎯⎯⎯[4/22]⎯

 FAIL  tests/m13-make-decision.test.mjs > T014: SKILL.md S8 台账渲染点② + CONTEXT 同步 > S8 syncs CONTEXT.md, ADR, project-memory.json
AssertionError: S8 must sync CONTEXT.md, ADR, and project-memory.json

- Expected
+ Received

- true
+ false

 ❯ tests/m13-make-decision.test.mjs:1020:12
    1018|       s8Section.includes("ADR") &&
    1019|       s8Section.includes("project-memory.json");
    1020|     assert.ok(hasSync, "S8 must sync CONTEXT.md, ADR, and project-memo…
       |            ^
    1021|   });
    1022| 

⎯⎯⎯⎯⎯⎯⎯⎯⎯⎯⎯⎯⎯⎯⎯⎯⎯⎯⎯⎯⎯⎯⎯[5/22]⎯

 FAIL  tests/m13-make-decision.test.mjs > T014: SKILL.md S8 台账渲染点② + CONTEXT 同步 > S8 journal event s8_context_synced or s8_context_no_change
AssertionError: S8 must record journal event s8_context_synced or s8_context_no_change

- Expected
+ Received

- true
+ false

 ❯ tests/m13-make-decision.test.mjs:1028:12
    1026|       content.includes("s8_context_synced") ||
    1027|       content.includes("s8_context_no_change");
    1028|     assert.ok(hasS8Journal, "S8 must record journal event s8_context_s…
       |            ^
    1029|   });
    1030| });

⎯⎯⎯⎯⎯⎯⎯⎯⎯⎯⎯⎯⎯⎯⎯⎯⎯⎯⎯⎯⎯⎯⎯[6/22]⎯

 FAIL  tests/m13-make-decision.test.mjs > T015: SKILL.md S9 用户批准（唯一硬门） > S9 section header exists
AssertionError: SKILL.md must contain S9 section

- Expected
+ Received

- true
+ false

 ❯ tests/m13-make-decision.test.mjs:1041:12
    1039|       content.includes("S9: 用户") ||
    1040|       content.includes("### S9");
    1041|     assert.ok(hasS9, "SKILL.md must contain S9 section");
       |            ^
    1042|   });
    1043| 

⎯⎯⎯⎯⎯⎯⎯⎯⎯⎯⎯⎯⎯⎯⎯⎯⎯⎯⎯⎯⎯⎯⎯[7/22]⎯

 FAIL  tests/m13-make-decision.test.mjs > T015: SKILL.md S9 用户批准（唯一硬门） > S9 is the only mandatory hard gate in the flow (FR-ACCEPT-02)
AssertionError: S9 must be declared the only mandatory hard gate (FR-ACCEPT-02)

- Expected
+ Received

- true
+ false

 ❯ tests/m13-make-decision.test.mjs:1053:12
    1051|       s9Section.includes("唯一强制") ||
    1052|       s9Section.includes("hard gate");
    1053|     assert.ok(hasHardGate, "S9 must be declared the only mandatory har…
       |            ^
    1054|   });
    1055| 

⎯⎯⎯⎯⎯⎯⎯⎯⎯⎯⎯⎯⎯⎯⎯⎯⎯⎯⎯⎯⎯⎯⎯[8/22]⎯

 FAIL  tests/m13-make-decision.test.mjs > T015: SKILL.md S9 用户批准（唯一硬门） > S9 shows full decision summary with ledger checklist (FR-ACCEPT-03)
AssertionError: S9 must display full decision summary including ledger line items (FR-ACCEPT-03)

- Expected
+ Received

- true
+ false

 ❯ tests/m13-make-decision.test.mjs:1064:12
    1062|       (s9Section.includes("决策摘要") && s9Section.includes("台账")) ||
    1063|       (s9Section.includes("方向") && s9Section.includes("范围") && s9S…
    1064|     assert.ok(hasSummary, "S9 must display full decision summary inclu…
       |            ^
    1065|   });
    1066| 

⎯⎯⎯⎯⎯⎯⎯⎯⎯⎯⎯⎯⎯⎯⎯⎯⎯⎯⎯⎯⎯⎯⎯[9/22]⎯

 FAIL  tests/m13-make-decision.test.mjs > T015: SKILL.md S9 用户批准（唯一硬门） > S9 waits indefinitely for user explicit approval
AssertionError: S9 must wait indefinitely for user explicit approval and must not auto-approve

- Expected
+ Received

- true
+ false

 ❯ tests/m13-make-decision.test.mjs:1075:12
    1073|       s9Section.includes("不得自动通过") ||
    1074|       (s9Section.includes("等待") && s9Section.includes("明确"));
    1075|     assert.ok(hasWait, "S9 must wait indefinitely for user explicit ap…
       |            ^
    1076|   });
    1077| 

⎯⎯⎯⎯⎯⎯⎯⎯⎯⎯⎯⎯⎯⎯⎯⎯⎯⎯⎯⎯⎯⎯[10/22]⎯

 FAIL  tests/m13-make-decision.test.mjs > T015: SKILL.md S9 用户批准（唯一硬门） > S9 skipping to S10 is declared an error
AssertionError: S9 must explicitly state that skipping S9 directly to S10 is an error

- Expected
+ Received

- true
+ false

 ❯ tests/m13-make-decision.test.mjs:1086:12
    1084|       s9Section.includes("错误") ||
    1085|       s9Section.includes("error");
    1086|     assert.ok(hasErrorDecl, "S9 must explicitly state that skipping S9…
       |            ^
    1087|   });
    1088| 

⎯⎯⎯⎯⎯⎯⎯⎯⎯⎯⎯⎯⎯⎯⎯⎯⎯⎯⎯⎯⎯⎯[11/22]⎯

 FAIL  tests/m13-make-decision.test.mjs > T015: SKILL.md S9 用户批准（唯一硬门） > S9 journal event s9_user_approved: true
AssertionError: S9 must record journal event s9_user_approved: true

- Expected
+ Received

- true
+ false

 ❯ tests/m13-make-decision.test.mjs:1094:12
    1092|       content.includes("s9_user_approved") &&
    1093|       (content.includes("s9_user_approved: true") || content.includes(…
    1094|     assert.ok(hasS9Journal, "S9 must record journal event s9_user_appr…
       |            ^
    1095|   });
    1096| });

⎯⎯⎯⎯⎯⎯⎯⎯⎯⎯⎯⎯⎯⎯⎯⎯⎯⎯⎯⎯⎯⎯[12/22]⎯

 FAIL  tests/m13-make-decision.test.mjs > T016: SKILL.md S10 decision-log 落盘 + updateOwnResult > S10 section header exists
AssertionError: SKILL.md must contain S10 section

- Expected
+ Received

- true
+ false

 ❯ tests/m13-make-decision.test.mjs:1107:12
    1105|       content.includes("S10: decision") ||
    1106|       content.includes("### S10");
    1107|     assert.ok(hasS10, "SKILL.md must contain S10 section");
       |            ^
    1108|   });
    1109| 

⎯⎯⎯⎯⎯⎯⎯⎯⎯⎯⎯⎯⎯⎯⎯⎯⎯⎯⎯⎯⎯⎯[13/22]⎯

 FAIL  tests/m13-make-decision.test.mjs > T016: SKILL.md S10 decision-log 落盘 + updateOwnResult > S10 pre-commit check: blocking 留痕 requires three-line format before marking complete
AssertionError: S10 must check blocking 留痕 completeness before marking decision-log complete

- Expected
+ Received

- true
+ false

 ❯ tests/m13-make-decision.test.mjs:1118:12
    1116|       (s10Section.includes("落盘前") && s10Section.includes("留痕")) ||
    1117|       s10Section.includes("落盘完整");
    1118|     assert.ok(hasPreCheck, "S10 must check blocking 留痕 completeness …
       |            ^
    1119|   });
    1120| 

⎯⎯⎯⎯⎯⎯⎯⎯⎯⎯⎯⎯⎯⎯⎯⎯⎯⎯⎯⎯⎯⎯[14/22]⎯

 FAIL  tests/m13-make-decision.test.mjs > T016: SKILL.md S10 decision-log 落盘 + updateOwnResult > S10 produces tasks/{task-id}/decision-log.md with user_decision: true
AssertionError: S10 must produce tasks/{task-id}/decision-log.md with user_decision: true

- Expected
+ Received

- true
+ false

 ❯ tests/m13-make-decision.test.mjs:1128:12
    1126|       s10Section.includes("decision-log.md") &&
    1127|       (s10Section.includes("user_decision: true") || s10Section.includ…
    1128|     assert.ok(hasOutput, "S10 must produce tasks/{task-id}/decision-lo…
       |            ^
    1129|   });
    1130| 

⎯⎯⎯⎯⎯⎯⎯⎯⎯⎯⎯⎯⎯⎯⎯⎯⎯⎯⎯⎯⎯⎯[15/22]⎯

 FAIL  tests/m13-make-decision.test.mjs > T016: SKILL.md S10 decision-log 落盘 + updateOwnResult > S10 decision-log has 7 sections structure
AssertionError: S10 decision-log must have 7 sections: 原始需求/问题与目标/决策记录/假设/明确不做/开放问题/验收标准

- Expected
+ Received

- true
+ false

 ❯ tests/m13-make-decision.test.mjs:1142:12
    1140|     const has6 = s10Section.includes("开放问题");
    1141|     const has7 = s10Section.includes("验收标准");
    1142|     assert.ok(has1 && has2 && has3 && has4 && has5 && has6 && has7,
       |            ^
    1143|       "S10 decision-log must have 7 sections: 原始需求/问题与目标/决策…
    1144|   });

⎯⎯⎯⎯⎯⎯⎯⎯⎯⎯⎯⎯⎯⎯⎯⎯⎯⎯⎯⎯⎯⎯[16/22]⎯

 FAIL  tests/m13-make-decision.test.mjs > T016: SKILL.md S10 decision-log 落盘 + updateOwnResult > S10 calls metrics/collector.mjs updateOwnResult with M4 10 core fields
AssertionError: S10 must call metrics/collector.mjs updateOwnResult

- Expected
+ Received

- true
+ false

 ❯ tests/m13-make-decision.test.mjs:1153:12
    1151|       s10Section.includes("collector.mjs") &&
    1152|       s10Section.includes("updateOwnResult");
    1153|     assert.ok(hasCollector, "S10 must call metrics/collector.mjs updat…
       |            ^
    1154|   });
    1155| 

⎯⎯⎯⎯⎯⎯⎯⎯⎯⎯⎯⎯⎯⎯⎯⎯⎯⎯⎯⎯⎯⎯[17/22]⎯

 FAIL  tests/m13-make-decision.test.mjs > T016: SKILL.md S10 decision-log 落盘 + updateOwnResult > S10 collector write failure warns but does not throw
AssertionError: S10 collector write failure must warn but not throw

- Expected
+ Received

- true
+ false

 ❯ tests/m13-make-decision.test.mjs:1165:12
    1163|       (s10Section.includes("warn") && s10Section.includes("不 throw"))…
    1164|       (s10Section.includes("warn") && s10Section.includes("not throw")…
    1165|     assert.ok(hasWarnNotThrow, "S10 collector write failure must warn …
       |            ^
    1166|   });
    1167| });

⎯⎯⎯⎯⎯⎯⎯⎯⎯⎯⎯⎯⎯⎯⎯⎯⎯⎯⎯⎯⎯⎯[18/22]⎯

 FAIL  tests/m13-make-decision.test.mjs > T017: SKILL.md journal event stream S0–S10 complete coverage > Journal section exists in SKILL.md
AssertionError: SKILL.md must contain a Journal event stream section

- Expected
+ Received

- true
+ false

 ❯ tests/m13-make-decision.test.mjs:1178:12
    1176|       content.includes("Journal 事件") ||
    1177|       content.includes("journal 事件流");
    1178|     assert.ok(hasJournalSection, "SKILL.md must contain a Journal even…
       |            ^
    1179|   });
    1180| 

⎯⎯⎯⎯⎯⎯⎯⎯⎯⎯⎯⎯⎯⎯⎯⎯⎯⎯⎯⎯⎯⎯[19/22]⎯

 FAIL  tests/m13-make-decision.test.mjs > T017: SKILL.md journal event stream S0–S10 complete coverage > Journal section covers s8 events
AssertionError: Journal must cover s8 context sync events

- Expected
+ Received

- true
+ false

 ❯ tests/m13-make-decision.test.mjs:1228:12
    1226|       content.includes("s8_context_synced") ||
    1227|       content.includes("s8_context_no_change");
    1228|     assert.ok(hasS8, "Journal must cover s8 context sync events");
       |            ^
    1229|   });
    1230| 

⎯⎯⎯⎯⎯⎯⎯⎯⎯⎯⎯⎯⎯⎯⎯⎯⎯⎯⎯⎯⎯⎯[20/22]⎯

 FAIL  tests/m13-make-decision.test.mjs > T017: SKILL.md journal event stream S0–S10 complete coverage > Journal section covers s9_user_approved
AssertionError: Journal must cover s9_user_approved

- Expected
+ Received

- true
+ false

 ❯ tests/m13-make-decision.test.mjs:1233:12
    1231|   test("Journal section covers s9_user_approved", () => {
    1232|     const content = readSkill();
    1233|     assert.ok(content.includes("s9_user_approved"), "Journal must cove…
       |            ^
    1234|   });
    1235| 

⎯⎯⎯⎯⎯⎯⎯⎯⎯⎯⎯⎯⎯⎯⎯⎯⎯⎯⎯⎯⎯⎯[21/22]⎯

 FAIL  tests/m13-make-decision.test.mjs > T017: SKILL.md journal event stream S0–S10 complete coverage > Journal section covers s10 event
AssertionError: Journal must cover s10_ event

- Expected
+ Received

- true
+ false

 ❯ tests/m13-make-decision.test.mjs:1242:12
    1240|       content.includes("s10_decision_log") ||
    1241|       content.includes("s10_complete");
    1242|     assert.ok(hasS10Event, "Journal must cover s10_ event");
       |            ^
    1243|   });
    1244| 

⎯⎯⎯⎯⎯⎯⎯⎯⎯⎯⎯⎯⎯⎯⎯⎯⎯⎯⎯⎯⎯⎯[22/22]⎯

