⎯⎯⎯⎯⎯⎯ Failed Tests 23 ⎯⎯⎯⎯⎯⎯⎯

 FAIL  tests/m12-build-plan-v1.test.mjs > T014(a): build-plan SKILL.md references 3 new sub-skills as callable > references plan-generate as callable skill
AssertionError: SKILL.md must reference plan-generate (sub-skill name)

- Expected
+ Received

- true
+ false

 ❯ tests/m12-build-plan-v1.test.mjs:23:12
     21|     const content = readSkill();
     22|     // Must mention plan-generate in a callable context (path or invoc…
     23|     assert.ok(
       |            ^
     24|       content.includes("plan-generate"),
     25|       "SKILL.md must reference plan-generate (sub-skill name)"

⎯⎯⎯⎯⎯⎯⎯⎯⎯⎯⎯⎯⎯⎯⎯⎯⎯⎯⎯⎯⎯⎯⎯[1/23]⎯

 FAIL  tests/m12-build-plan-v1.test.mjs > T014(a): build-plan SKILL.md references 3 new sub-skills as callable > references tasks-generate as callable skill
AssertionError: SKILL.md must reference tasks-generate (sub-skill name)

- Expected
+ Received

- true
+ false

 ❯ tests/m12-build-plan-v1.test.mjs:31:12
     29|   test("references tasks-generate as callable skill", () => {
     30|     const content = readSkill();
     31|     assert.ok(
       |            ^
     32|       content.includes("tasks-generate"),
     33|       "SKILL.md must reference tasks-generate (sub-skill name)"

⎯⎯⎯⎯⎯⎯⎯⎯⎯⎯⎯⎯⎯⎯⎯⎯⎯⎯⎯⎯⎯⎯⎯[2/23]⎯

 FAIL  tests/m12-build-plan-v1.test.mjs > T014(a): build-plan SKILL.md references 3 new sub-skills as callable > references cross-artifact-analyze as callable skill
AssertionError: SKILL.md must reference cross-artifact-analyze (sub-skill name)

- Expected
+ Received

- true
+ false

 ❯ tests/m12-build-plan-v1.test.mjs:39:12
     37|   test("references cross-artifact-analyze as callable skill", () => {
     38|     const content = readSkill();
     39|     assert.ok(
       |            ^
     40|       content.includes("cross-artifact-analyze"),
     41|       "SKILL.md must reference cross-artifact-analyze (sub-skill name)"

⎯⎯⎯⎯⎯⎯⎯⎯⎯⎯⎯⎯⎯⎯⎯⎯⎯⎯⎯⎯⎯⎯⎯[3/23]⎯

 FAIL  tests/m12-build-plan-v1.test.mjs > T015: constitution compliance check — 21 clauses, [x]/[ ]+rationale, non-blocking > references constitution-checklist.md
AssertionError: SKILL.md must reference constitution-checklist.md

- Expected
+ Received

- true
+ false

 ❯ tests/m12-build-plan-v1.test.mjs:50:12
     48|   test("references constitution-checklist.md", () => {
     49|     const content = readSkill();
     50|     assert.ok(
       |            ^
     51|       content.includes("constitution-checklist.md") || content.include…
     52|       "SKILL.md must reference constitution-checklist.md"

⎯⎯⎯⎯⎯⎯⎯⎯⎯⎯⎯⎯⎯⎯⎯⎯⎯⎯⎯⎯⎯⎯⎯[4/23]⎯

 FAIL  tests/m12-build-plan-v1.test.mjs > T015: constitution compliance check — 21 clauses, [x]/[ ]+rationale, non-blocking > requires all 21 clauses present with [x] or [ ] + rationale
AssertionError: SKILL.md must reference 21 clauses (total count from constitution-checklist.md)

- Expected
+ Received

- true
+ false

 ❯ tests/m12-build-plan-v1.test.mjs:64:12
     62|     const hasRationale =
     63|       content.includes("判据") || content.includes("rationale") || con…
     64|     assert.ok(
       |            ^
     65|       hasClauseCount,
     66|       "SKILL.md must reference 21 clauses (total count from constituti…

⎯⎯⎯⎯⎯⎯⎯⎯⎯⎯⎯⎯⎯⎯⎯⎯⎯⎯⎯⎯⎯⎯⎯[5/23]⎯

 FAIL  tests/m12-build-plan-v1.test.mjs > T015: constitution compliance check — 21 clauses, [x]/[ ]+rationale, non-blocking > constitution check result is non-blocking (recorded, not blocking)
AssertionError: SKILL.md must state that constitution compliance check is non-blocking (记录不阻断)

- Expected
+ Received

- true
+ false

 ❯ tests/m12-build-plan-v1.test.mjs:87:12
     85|       content.includes("记录不阻断") ||
     86|       content.includes("只记录");
     87|     assert.ok(
       |            ^
     88|       nonBlocking,
     89|       "SKILL.md must state that constitution compliance check is non-b…

⎯⎯⎯⎯⎯⎯⎯⎯⎯⎯⎯⎯⎯⎯⎯⎯⎯⎯⎯⎯⎯⎯⎯[6/23]⎯

 FAIL  tests/m12-build-plan-v1.test.mjs > T015: constitution compliance check — 21 clauses, [x]/[ ]+rationale, non-blocking > incomplete output failure: missing clause or missing status/rationale = fail
AssertionError: SKILL.md must define incomplete-output failure: missing any clause or status/rationale = fail

- Expected
+ Received

- true
+ false

 ❯ tests/m12-build-plan-v1.test.mjs:102:12
    100|       content.includes("缺任一条") ||
    101|       content.includes("缺条");
    102|     assert.ok(
       |            ^
    103|       incompleteFailure,
    104|       "SKILL.md must define incomplete-output failure: missing any cla…

⎯⎯⎯⎯⎯⎯⎯⎯⎯⎯⎯⎯⎯⎯⎯⎯⎯⎯⎯⎯⎯⎯⎯[7/23]⎯

 FAIL  tests/m12-build-plan-v1.test.mjs > T016: M10 baseline comparison — 5 metrics, unknown rule, no placeholders > mentions all 5 baseline metric names including exact rework_proxy_count
AssertionError: SKILL.md must mention baseline metric "missed_step_rate"

- Expected
+ Received

- true
+ false

 ❯ tests/m12-build-plan-v1.test.mjs:115:14
    113|     const metrics = ["missed_step_rate", "test_execution_rate", "revie…
    114|     for (const m of metrics) {
    115|       assert.ok(
       |              ^
    116|         content.includes(m),
    117|         `SKILL.md must mention baseline metric "${m}"`

⎯⎯⎯⎯⎯⎯⎯⎯⎯⎯⎯⎯⎯⎯⎯⎯⎯⎯⎯⎯⎯⎯⎯[8/23]⎯

 FAIL  tests/m12-build-plan-v1.test.mjs > T016: M10 baseline comparison — 5 metrics, unknown rule, no placeholders > M10 baseline values are present (0.05, 0.8295, 1, 6.075, 25.25)
AssertionError: SKILL.md must reference M10 baseline-report.md or its baseline values

- Expected
+ Received

- true
+ false

 ❯ tests/m12-build-plan-v1.test.mjs:135:12
    133|     const hasM10Values =
    134|       (content.includes("0.05") || content.includes("0.8295") || conte…
    135|     assert.ok(
       |            ^
    136|       hasBaselineRef || hasM10Values,
    137|       "SKILL.md must reference M10 baseline-report.md or its baseline …

⎯⎯⎯⎯⎯⎯⎯⎯⎯⎯⎯⎯⎯⎯⎯⎯⎯⎯⎯⎯⎯⎯⎯[9/23]⎯

 FAIL  tests/m12-build-plan-v1.test.mjs > T016: M10 baseline comparison — 5 metrics, unknown rule, no placeholders > at build-plan stage all 5 M12 values MUST be unknown with per-metric reasons
AssertionError: SKILL.md must state that at build-plan stage, metrics are unknown with per-metric reason (e.g. 仅upstream, 无测试数据, 尚未执行)

- Expected
+ Received

- true
+ false

 ❯ tests/m12-build-plan-v1.test.mjs:153:12
    151|         content.includes("不可得")
    152|       );
    153|     assert.ok(
       |            ^
    154|       hasUnknownRule,
    155|       "SKILL.md must state that at build-plan stage, metrics are unkno…

⎯⎯⎯⎯⎯⎯⎯⎯⎯⎯⎯⎯⎯⎯⎯⎯⎯⎯⎯⎯⎯⎯[10/23]⎯

 FAIL  tests/m12-build-plan-v1.test.mjs > T016: M10 baseline comparison — 5 metrics, unknown rule, no placeholders > NO placeholder values (0, -, --) for unknown metrics
AssertionError: SKILL.md must forbid placeholder values (0, -, --) for unknown metrics

- Expected
+ Received

- true
+ false

 ❯ tests/m12-build-plan-v1.test.mjs:171:12
    169|       content.includes("不能写") ||
    170|       content.includes("不为任意占位");
    171|     assert.ok(
       |            ^
    172|       noPlaceholder,
    173|       "SKILL.md must forbid placeholder values (0, -, --) for unknown …

⎯⎯⎯⎯⎯⎯⎯⎯⎯⎯⎯⎯⎯⎯⎯⎯⎯⎯⎯⎯⎯⎯[11/23]⎯

 FAIL  tests/m12-build-plan-v1.test.mjs > T016: M10 baseline comparison — 5 metrics, unknown rule, no placeholders > delta column is also unknown for all 5 rows
AssertionError: SKILL.md must state that delta column is also unknown when M12 values are unknown

- Expected
+ Received

- true
+ false

 ❯ tests/m12-build-plan-v1.test.mjs:182:12
    180|     const deltaUnknown =
    181|       content.includes("delta") && content.includes("unknown");
    182|     assert.ok(
       |            ^
    183|       deltaUnknown,
    184|       "SKILL.md must state that delta column is also unknown when M12 …

⎯⎯⎯⎯⎯⎯⎯⎯⎯⎯⎯⎯⎯⎯⎯⎯⎯⎯⎯⎯⎯⎯[12/23]⎯

 FAIL  tests/m12-build-plan-v1.test.mjs > T016: M10 baseline comparison — 5 metrics, unknown rule, no placeholders > threshold is human-set, non-blocking
AssertionError: SKILL.md must state threshold is human-set and/or baseline comparison is non-blocking

- Expected
+ Received

- true
+ false

 ❯ tests/m12-build-plan-v1.test.mjs:210:12
    208|     const nonBlocking =
    209|       content.includes("不阻断") || content.includes("非阻塞") || cont…
    210|     assert.ok(
       |            ^
    211|       humanThreshold || nonBlocking,
    212|       "SKILL.md must state threshold is human-set and/or baseline comp…

⎯⎯⎯⎯⎯⎯⎯⎯⎯⎯⎯⎯⎯⎯⎯⎯⎯⎯⎯⎯⎯⎯[13/23]⎯

 FAIL  tests/m12-build-plan-v1.test.mjs > T017: human review checkpoint — exactly ONE pause marker > human review pause marker exists in SKILL.md
AssertionError: SKILL.md must contain a human review pause marker (停顿/等人确认/检查点/人审)

- Expected
+ Received

- true
+ false

 ❯ tests/m12-build-plan-v1.test.mjs:231:12
    229|       content.includes("人审") ||
    230|       content.includes("人工确认");
    231|     assert.ok(
       |            ^
    232|       hasPause,
    233|       "SKILL.md must contain a human review pause marker (停顿/等人确…

⎯⎯⎯⎯⎯⎯⎯⎯⎯⎯⎯⎯⎯⎯⎯⎯⎯⎯⎯⎯⎯⎯[14/23]⎯

 FAIL  tests/m12-build-plan-v1.test.mjs > T017: human review checkpoint — exactly ONE pause marker > human review pause marker appears no more than ONE logical checkpoint
AssertionError: SKILL.md must have at least one review checkpoint heading/section

- Expected
+ Received

- true
+ false

 ❯ tests/m12-build-plan-v1.test.mjs:247:12
    245|     const hasReviewHeading =
    246|       (content.match(/人审[检查确]/g) || []).length >= 1;
    247|     assert.ok(
       |            ^
    248|       hasReviewHeading,
    249|       "SKILL.md must have at least one review checkpoint heading/secti…

⎯⎯⎯⎯⎯⎯⎯⎯⎯⎯⎯⎯⎯⎯⎯⎯⎯⎯⎯⎯⎯⎯[15/23]⎯

 FAIL  tests/m12-build-plan-v1.test.mjs > T017(e): review object fields — state, reviewer, timestamp, decision, notes > review object state field documented with pending|approved|rejected
AssertionError: SKILL.md must document review object with state field

- Expected
+ Received

- true
+ false

 ❯ tests/m12-build-plan-v1.test.mjs:264:12
    262|   test("review object state field documented with pending|approved|rej…
    263|     const content = readSkill();
    264|     assert.ok(
       |            ^
    265|       content.includes("review") && content.includes("state"),
    266|       "SKILL.md must document review object with state field"

⎯⎯⎯⎯⎯⎯⎯⎯⎯⎯⎯⎯⎯⎯⎯⎯⎯⎯⎯⎯⎯⎯[16/23]⎯

 FAIL  tests/m12-build-plan-v1.test.mjs > T017(e): review object fields — state, reviewer, timestamp, decision, notes > review.reviewer field documented
AssertionError: SKILL.md must document review.reviewer field

- Expected
+ Received

- true
+ false

 ❯ tests/m12-build-plan-v1.test.mjs:280:12
    278|   test("review.reviewer field documented", () => {
    279|     const content = readSkill();
    280|     assert.ok(
       |            ^
    281|       content.includes("reviewer") || content.includes("确认人") || co…
    282|       "SKILL.md must document review.reviewer field"

⎯⎯⎯⎯⎯⎯⎯⎯⎯⎯⎯⎯⎯⎯⎯⎯⎯⎯⎯⎯⎯⎯[17/23]⎯

 FAIL  tests/m12-build-plan-v1.test.mjs > T017(e): review object fields — state, reviewer, timestamp, decision, notes > review.timestamp field documented
AssertionError: SKILL.md must document review.timestamp field (RF3339 or similar)

- Expected
+ Received

- true
+ false

 ❯ tests/m12-build-plan-v1.test.mjs:288:12
    286|   test("review.timestamp field documented", () => {
    287|     const content = readSkill();
    288|     assert.ok(
       |            ^
    289|       content.includes("timestamp") || content.includes("时间"),
    290|       "SKILL.md must document review.timestamp field (RF3339 or simila…

⎯⎯⎯⎯⎯⎯⎯⎯⎯⎯⎯⎯⎯⎯⎯⎯⎯⎯⎯⎯⎯⎯[18/23]⎯

 FAIL  tests/m12-build-plan-v1.test.mjs > T017(e): review object fields — state, reviewer, timestamp, decision, notes > review.decision field documented as non-empty in all 3 states
AssertionError: SKILL.md must require review.decision to be non-empty in all 3 states

- Expected
+ Received

- true
+ false

 ❯ tests/m12-build-plan-v1.test.mjs:308:12
    306|       content.includes("必须有") ||
    307|       content.includes("检查点已触达");
    308|     assert.ok(
       |            ^
    309|       nonEmptyDecision,
    310|       "SKILL.md must require review.decision to be non-empty in all 3 …

⎯⎯⎯⎯⎯⎯⎯⎯⎯⎯⎯⎯⎯⎯⎯⎯⎯⎯⎯⎯⎯⎯[19/23]⎯

 FAIL  tests/m12-build-plan-v1.test.mjs > T017(e): review object fields — state, reviewer, timestamp, decision, notes > review.notes field documented
AssertionError: SKILL.md must document review.notes field

- Expected
+ Received

- true
+ false

 ❯ tests/m12-build-plan-v1.test.mjs:316:12
    314|   test("review.notes field documented", () => {
    315|     const content = readSkill();
    316|     assert.ok(
       |            ^
    317|       content.includes("notes") || content.includes("附注") || content…
    318|       "SKILL.md must document review.notes field"

⎯⎯⎯⎯⎯⎯⎯⎯⎯⎯⎯⎯⎯⎯⎯⎯⎯⎯⎯⎯⎯⎯[20/23]⎯

 FAIL  tests/m12-build-plan-v1.test.mjs > T017(e): review object fields — state, reviewer, timestamp, decision, notes > pending state is valid (produces valid stage-result, no omission)
AssertionError: SKILL.md must state that pending is a valid review state producing valid stage-result

- Expected
+ Received

- true
+ false

 ❯ tests/m12-build-plan-v1.test.mjs:336:12
    334|       content.includes("pending 本身是有效状态") ||
    335|       content.includes("pending") && content.includes("不可缺");
    336|     assert.ok(
       |            ^
    337|       pendingValid,
    338|       "SKILL.md must state that pending is a valid review state produc…

⎯⎯⎯⎯⎯⎯⎯⎯⎯⎯⎯⎯⎯⎯⎯⎯⎯⎯⎯⎯⎯⎯[21/23]⎯

 FAIL  tests/m12-build-plan-v1.test.mjs > T019: M6 stage-result contract preserved + v1 additions > v1 adds facts.tasks_ref
AssertionError: SKILL.md must add facts.tasks_ref (v1 new field)

- Expected
+ Received

- true
+ false

 ❯ tests/m12-build-plan-v1.test.mjs:428:12
    426|   test("v1 adds facts.tasks_ref", () => {
    427|     const content = readSkill();
    428|     assert.ok(
       |            ^
    429|       content.includes("tasks_ref"),
    430|       "SKILL.md must add facts.tasks_ref (v1 new field)"

⎯⎯⎯⎯⎯⎯⎯⎯⎯⎯⎯⎯⎯⎯⎯⎯⎯⎯⎯⎯⎯⎯[22/23]⎯

 FAIL  tests/m12-build-plan-v1.test.mjs > T019: M6 stage-result contract preserved + v1 additions > v1 adds facts.analysis_ref
AssertionError: SKILL.md must add facts.analysis_ref (v1 new field)

- Expected
+ Received

- true
+ false

 ❯ tests/m12-build-plan-v1.test.mjs:436:12
    434|   test("v1 adds facts.analysis_ref", () => {
    435|     const content = readSkill();
    436|     assert.ok(
       |            ^
    437|       content.includes("analysis_ref"),
    438|       "SKILL.md must add facts.analysis_ref (v1 new field)"

⎯⎯⎯⎯⎯⎯⎯⎯⎯⎯⎯⎯⎯⎯⎯⎯⎯⎯⎯⎯⎯⎯[23/23]⎯

