
 RUN  v2.1.9 /Users/Hugh/Hugh/Project/workflowhub

 ❯ tests/m12-plan-generate.test.mjs (10 tests | 10 failed) 4ms
   × plan-generate SKILL.md existence and frontmatter > workflows/plan-generate/SKILL.md exists 2ms
     → Missing: /Users/Hugh/Hugh/Project/workflowhub/workflows/plan-generate/SKILL.md
   × plan-generate SKILL.md existence and frontmatter > frontmatter has name="plan-generate" 0ms
     → Missing: /Users/Hugh/Hugh/Project/workflowhub/workflows/plan-generate/SKILL.md
   × plan-generate SKILL.md existence and frontmatter > frontmatter has non-empty description 0ms
     → Missing: /Users/Hugh/Hugh/Project/workflowhub/workflows/plan-generate/SKILL.md
   × plan-generate SKILL.md input contract: task-id required, fail-loud > body mentions "task-id required" (fail-loud for missing task-id) 0ms
     → ENOENT: no such file or directory, open '/Users/Hugh/Hugh/Project/workflowhub/workflows/plan-generate/SKILL.md'
   × plan-generate SKILL.md input contract: task-id required, fail-loud > body marks task-id as required (必填 or 必传 or required with non-zero exit) 0ms
     → ENOENT: no such file or directory, open '/Users/Hugh/Hugh/Project/workflowhub/workflows/plan-generate/SKILL.md'
   × plan-generate SKILL.md template loading: internal path, no .specify/ > body references internal template path "workflows/plan-generate/templates/plan-template.md" 0ms
     → ENOENT: no such file or directory, open '/Users/Hugh/Hugh/Project/workflowhub/workflows/plan-generate/SKILL.md'
   × plan-generate SKILL.md template loading: internal path, no .specify/ > body does NOT contain .specify/ (no .specify/ scaffold dependency) 0ms
     → ENOENT: no such file or directory, open '/Users/Hugh/Hugh/Project/workflowhub/workflows/plan-generate/SKILL.md'
   × plan-generate SKILL.md is NOT named speckit-plan > frontmatter name is NOT "speckit-plan" 0ms
     → ENOENT: no such file or directory, open '/Users/Hugh/Hugh/Project/workflowhub/workflows/plan-generate/SKILL.md'
   × plan-generate SKILL.md is NOT named speckit-plan > body does NOT use 'speckit-plan' as a skill identifier in workflow steps 0ms
     → ENOENT: no such file or directory, open '/Users/Hugh/Hugh/Project/workflowhub/workflows/plan-generate/SKILL.md'
   × plan-generate SKILL.md has no git-branch inference > body does NOT contain git branch inference commands (git checkout/branch/create-new-feature) 0ms
     → ENOENT: no such file or directory, open '/Users/Hugh/Hugh/Project/workflowhub/workflows/plan-generate/SKILL.md'

 Test Files  1 failed (1)
      Tests  10 failed (10)
   Start at  09:53:25
   Duration  158ms (transform 9ms, setup 0ms, collect 8ms, tests 4ms, environment 0ms, prepare 29ms)

