
 RUN  v2.1.9 /Users/Hugh/Hugh/Project/workflowhub

 ❯ tests/m12-build-plan-v1.test.mjs (35 tests | 23 failed) 7ms
   × T014(a): build-plan SKILL.md references 3 new sub-skills as callable > references plan-generate as callable skill 3ms
     → SKILL.md must reference plan-generate (sub-skill name)
   × T014(a): build-plan SKILL.md references 3 new sub-skills as callable > references tasks-generate as callable skill 0ms
     → SKILL.md must reference tasks-generate (sub-skill name)
   × T014(a): build-plan SKILL.md references 3 new sub-skills as callable > references cross-artifact-analyze as callable skill 0ms
     → SKILL.md must reference cross-artifact-analyze (sub-skill name)
   × T015: constitution compliance check — 21 clauses, [x]/[ ]+rationale, non-blocking > references constitution-checklist.md 0ms
     → SKILL.md must reference constitution-checklist.md
   × T015: constitution compliance check — 21 clauses, [x]/[ ]+rationale, non-blocking > requires all 21 clauses present with [x] or [ ] + rationale 0ms
     → SKILL.md must reference 21 clauses (total count from constitution-checklist.md)
   × T015: constitution compliance check — 21 clauses, [x]/[ ]+rationale, non-blocking > constitution check result is non-blocking (recorded, not blocking) 0ms
     → SKILL.md must state that constitution compliance check is non-blocking (记录不阻断)
   × T015: constitution compliance check — 21 clauses, [x]/[ ]+rationale, non-blocking > incomplete output failure: missing clause or missing status/rationale = fail 0ms
     → SKILL.md must define incomplete-output failure: missing any clause or status/rationale = fail
   × T016: M10 baseline comparison — 5 metrics, unknown rule, no placeholders > mentions all 5 baseline metric names including exact rework_proxy_count 0ms
     → SKILL.md must mention baseline metric "missed_step_rate"
   × T016: M10 baseline comparison — 5 metrics, unknown rule, no placeholders > M10 baseline values are present (0.05, 0.8295, 1, 6.075, 25.25) 0ms
     → SKILL.md must reference M10 baseline-report.md or its baseline values
   × T016: M10 baseline comparison — 5 metrics, unknown rule, no placeholders > at build-plan stage all 5 M12 values MUST be unknown with per-metric reasons 0ms
     → SKILL.md must state that at build-plan stage, metrics are unknown with per-metric reason (e.g. 仅upstream, 无测试数据, 尚未执行)
   × T016: M10 baseline comparison — 5 metrics, unknown rule, no placeholders > NO placeholder values (0, -, --) for unknown metrics 0ms
     → SKILL.md must forbid placeholder values (0, -, --) for unknown metrics
   × T016: M10 baseline comparison — 5 metrics, unknown rule, no placeholders > delta column is also unknown for all 5 rows 0ms
     → SKILL.md must state that delta column is also unknown when M12 values are unknown
   × T016: M10 baseline comparison — 5 metrics, unknown rule, no placeholders > threshold is human-set, non-blocking 0ms
     → SKILL.md must state threshold is human-set and/or baseline comparison is non-blocking
   × T017: human review checkpoint — exactly ONE pause marker > human review pause marker exists in SKILL.md 0ms
     → SKILL.md must contain a human review pause marker (停顿/等人确认/检查点/人审)
   × T017: human review checkpoint — exactly ONE pause marker > human review pause marker appears no more than ONE logical checkpoint 0ms
     → SKILL.md must have at least one review checkpoint heading/section
   × T017(e): review object fields — state, reviewer, timestamp, decision, notes > review object state field documented with pending|approved|rejected 0ms
     → SKILL.md must document review object with state field
   × T017(e): review object fields — state, reviewer, timestamp, decision, notes > review.reviewer field documented 0ms
     → SKILL.md must document review.reviewer field
   × T017(e): review object fields — state, reviewer, timestamp, decision, notes > review.timestamp field documented 0ms
     → SKILL.md must document review.timestamp field (RF3339 or similar)
   × T017(e): review object fields — state, reviewer, timestamp, decision, notes > review.decision field documented as non-empty in all 3 states 0ms
     → SKILL.md must require review.decision to be non-empty in all 3 states
   × T017(e): review object fields — state, reviewer, timestamp, decision, notes > review.notes field documented 0ms
     → SKILL.md must document review.notes field
   × T017(e): review object fields — state, reviewer, timestamp, decision, notes > pending state is valid (produces valid stage-result, no omission) 0ms
     → SKILL.md must state that pending is a valid review state producing valid stage-result
   × T019: M6 stage-result contract preserved + v1 additions > v1 adds facts.tasks_ref 0ms
     → SKILL.md must add facts.tasks_ref (v1 new field)
   × T019: M6 stage-result contract preserved + v1 additions > v1 adds facts.analysis_ref 0ms
     → SKILL.md must add facts.analysis_ref (v1 new field)

 Test Files  1 failed (1)
      Tests  23 failed | 12 passed (35)
   Start at  10:17:51
   Duration  153ms (transform 11ms, setup 0ms, collect 11ms, tests 7ms, environment 0ms, prepare 33ms)

