⎯⎯⎯⎯⎯⎯ Failed Tests 12 ⎯⎯⎯⎯⎯⎯⎯

 FAIL  tests/m12-reuse-registry.test.mjs > Phase 7 US5: reuse-registry.md contains plan-generate row with correct format > plan-generate row exists in reuse-registry.md
AssertionError: reuse-registry.md must contain a row for plan-generate

simple

 ❯ tests/m12-reuse-registry.test.mjs:37:12
     35| 
     36|   test("plan-generate row exists in reuse-registry.md", () => {
     37|     assert.ok(row, "reuse-registry.md must contain a row for plan-gene…
       |            ^
     38|   });
     39| 

⎯⎯⎯⎯⎯⎯⎯⎯⎯⎯⎯⎯⎯⎯⎯⎯⎯⎯⎯⎯⎯⎯⎯[1/12]⎯

 FAIL  tests/m12-reuse-registry.test.mjs > Phase 7 US5: reuse-registry.md contains plan-generate row with correct format > plan-generate category is 外部改造适配
AssertionError: plan-generate category must be "外部改造适配", got "undefined"
+ actual - expected

+ undefined
- '外部改造适配'


simple

 ❯ tests/m12-reuse-registry.test.mjs:41:12
     39| 
     40|   test("plan-generate category is 外部改造适配", () => {
     41|     assert.equal(row?.category, "外部改造适配",
       |            ^
     42|       `plan-generate category must be "外部改造适配", got "${row?.cate…
     43|   });

⎯⎯⎯⎯⎯⎯⎯⎯⎯⎯⎯⎯⎯⎯⎯⎯⎯⎯⎯⎯⎯⎯⎯[2/12]⎯

 FAIL  tests/m12-reuse-registry.test.mjs > Phase 7 US5: reuse-registry.md contains plan-generate row with correct format > plan-generate source path is non-empty
AssertionError: plan-generate source must be non-empty, got "undefined"

simple

 ❯ tests/m12-reuse-registry.test.mjs:46:12
     44| 
     45|   test("plan-generate source path is non-empty", () => {
     46|     assert.ok(row?.source && row.source.length > 0,
       |            ^
     47|       `plan-generate source must be non-empty, got "${row?.source}"`);
     48|   });

⎯⎯⎯⎯⎯⎯⎯⎯⎯⎯⎯⎯⎯⎯⎯⎯⎯⎯⎯⎯⎯⎯⎯[3/12]⎯

 FAIL  tests/m12-reuse-registry.test.mjs > Phase 7 US5: reuse-registry.md contains plan-generate row with correct format > plan-generate source path points at speckit-plan SKILL.md
AssertionError: plan-generate source must reference speckit-plan/SKILL.md, got "undefined"

simple

 ❯ tests/m12-reuse-registry.test.mjs:51:12
     49| 
     50|   test('plan-generate source path points at speckit-plan SKILL.md', ()…
     51|     assert.ok(
       |            ^
     52|       row?.source?.includes("speckit-plan") && row?.source?.includes("…
     53|       `plan-generate source must reference speckit-plan/SKILL.md, got …

⎯⎯⎯⎯⎯⎯⎯⎯⎯⎯⎯⎯⎯⎯⎯⎯⎯⎯⎯⎯⎯⎯⎯[4/12]⎯

 FAIL  tests/m12-reuse-registry.test.mjs > Phase 7 US5: reuse-registry.md contains tasks-generate row with correct format > tasks-generate row exists in reuse-registry.md
AssertionError: reuse-registry.md must contain a row for tasks-generate

simple

 ❯ tests/m12-reuse-registry.test.mjs:63:12
     61| 
     62|   test("tasks-generate row exists in reuse-registry.md", () => {
     63|     assert.ok(row, "reuse-registry.md must contain a row for tasks-gen…
       |            ^
     64|   });
     65| 

⎯⎯⎯⎯⎯⎯⎯⎯⎯⎯⎯⎯⎯⎯⎯⎯⎯⎯⎯⎯⎯⎯⎯[5/12]⎯

 FAIL  tests/m12-reuse-registry.test.mjs > Phase 7 US5: reuse-registry.md contains tasks-generate row with correct format > tasks-generate category is 外部改造适配
AssertionError: tasks-generate category must be "外部改造适配", got "undefined"
+ actual - expected

+ undefined
- '外部改造适配'


simple

 ❯ tests/m12-reuse-registry.test.mjs:67:12
     65| 
     66|   test("tasks-generate category is 外部改造适配", () => {
     67|     assert.equal(row?.category, "外部改造适配",
       |            ^
     68|       `tasks-generate category must be "外部改造适配", got "${row?.cat…
     69|   });

⎯⎯⎯⎯⎯⎯⎯⎯⎯⎯⎯⎯⎯⎯⎯⎯⎯⎯⎯⎯⎯⎯⎯[6/12]⎯

 FAIL  tests/m12-reuse-registry.test.mjs > Phase 7 US5: reuse-registry.md contains tasks-generate row with correct format > tasks-generate source path is non-empty
AssertionError: tasks-generate source must be non-empty, got "undefined"

simple

 ❯ tests/m12-reuse-registry.test.mjs:72:12
     70| 
     71|   test("tasks-generate source path is non-empty", () => {
     72|     assert.ok(row?.source && row.source.length > 0,
       |            ^
     73|       `tasks-generate source must be non-empty, got "${row?.source}"`);
     74|   });

⎯⎯⎯⎯⎯⎯⎯⎯⎯⎯⎯⎯⎯⎯⎯⎯⎯⎯⎯⎯⎯⎯⎯[7/12]⎯

 FAIL  tests/m12-reuse-registry.test.mjs > Phase 7 US5: reuse-registry.md contains tasks-generate row with correct format > tasks-generate source path points at speckit-tasks SKILL.md
AssertionError: tasks-generate source must reference speckit-tasks/SKILL.md, got "undefined"

simple

 ❯ tests/m12-reuse-registry.test.mjs:77:12
     75| 
     76|   test('tasks-generate source path points at speckit-tasks SKILL.md', …
     77|     assert.ok(
       |            ^
     78|       row?.source?.includes("speckit-tasks") && row?.source?.includes(…
     79|       `tasks-generate source must reference speckit-tasks/SKILL.md, go…

⎯⎯⎯⎯⎯⎯⎯⎯⎯⎯⎯⎯⎯⎯⎯⎯⎯⎯⎯⎯⎯⎯⎯[8/12]⎯

 FAIL  tests/m12-reuse-registry.test.mjs > Phase 7 US5: reuse-registry.md contains cross-artifact-analyze row with correct format > cross-artifact-analyze row exists in reuse-registry.md
AssertionError: reuse-registry.md must contain a row for cross-artifact-analyze

simple

 ❯ tests/m12-reuse-registry.test.mjs:89:12
     87| 
     88|   test("cross-artifact-analyze row exists in reuse-registry.md", () =>…
     89|     assert.ok(row, "reuse-registry.md must contain a row for cross-art…
       |            ^
     90|   });
     91| 

⎯⎯⎯⎯⎯⎯⎯⎯⎯⎯⎯⎯⎯⎯⎯⎯⎯⎯⎯⎯⎯⎯⎯[9/12]⎯

 FAIL  tests/m12-reuse-registry.test.mjs > Phase 7 US5: reuse-registry.md contains cross-artifact-analyze row with correct format > cross-artifact-analyze category is 外部改造适配
AssertionError: cross-artifact-analyze category must be "外部改造适配", got "undefined"
+ actual - expected

+ undefined
- '外部改造适配'


simple

 ❯ tests/m12-reuse-registry.test.mjs:93:12
     91| 
     92|   test("cross-artifact-analyze category is 外部改造适配", () => {
     93|     assert.equal(row?.category, "外部改造适配",
       |            ^
     94|       `cross-artifact-analyze category must be "外部改造适配", got "${…
     95|   });

⎯⎯⎯⎯⎯⎯⎯⎯⎯⎯⎯⎯⎯⎯⎯⎯⎯⎯⎯⎯⎯⎯[10/12]⎯

 FAIL  tests/m12-reuse-registry.test.mjs > Phase 7 US5: reuse-registry.md contains cross-artifact-analyze row with correct format > cross-artifact-analyze source path is non-empty
AssertionError: cross-artifact-analyze source must be non-empty, got "undefined"

simple

 ❯ tests/m12-reuse-registry.test.mjs:98:12
     96| 
     97|   test("cross-artifact-analyze source path is non-empty", () => {
     98|     assert.ok(row?.source && row.source.length > 0,
       |            ^
     99|       `cross-artifact-analyze source must be non-empty, got "${row?.so…
    100|   });

⎯⎯⎯⎯⎯⎯⎯⎯⎯⎯⎯⎯⎯⎯⎯⎯⎯⎯⎯⎯⎯⎯[11/12]⎯

 FAIL  tests/m12-reuse-registry.test.mjs > Phase 7 US5: reuse-registry.md contains cross-artifact-analyze row with correct format > cross-artifact-analyze source path points at speckit-analyze SKILL.md
AssertionError: cross-artifact-analyze source must reference speckit-analyze/SKILL.md, got "undefined"

simple

 ❯ tests/m12-reuse-registry.test.mjs:103:12
    101| 
    102|   test('cross-artifact-analyze source path points at speckit-analyze S…
    103|     assert.ok(
       |            ^
    104|       row?.source?.includes("speckit-analyze") && row?.source?.include…
    105|       `cross-artifact-analyze source must reference speckit-analyze/SK…

⎯⎯⎯⎯⎯⎯⎯⎯⎯⎯⎯⎯⎯⎯⎯⎯⎯⎯⎯⎯⎯⎯[12/12]⎯

