
 RUN  v2.1.9 /Users/Hugh/Hugh/Project/workflowhub

 ❯ tests/m12-templates.test.mjs (19 tests | 19 failed) 5ms
   × m12 template files exist > workflows/plan-generate/templates/plan-template.md exists 3ms
     → Missing: /Users/Hugh/Hugh/Project/workflowhub/workflows/plan-generate/templates/plan-template.md
   × m12 template files exist > workflows/tasks-generate/templates/tasks-template.md exists 0ms
     → Missing: /Users/Hugh/Hugh/Project/workflowhub/workflows/tasks-generate/templates/tasks-template.md
   × plan-template.md contains all required sections > plan-template.md contains ## Summary heading 0ms
     → ENOENT: no such file or directory, open '/Users/Hugh/Hugh/Project/workflowhub/workflows/plan-generate/templates/plan-template.md'
   × plan-template.md contains all required sections > plan-template.md contains ## Technical Context heading 0ms
     → ENOENT: no such file or directory, open '/Users/Hugh/Hugh/Project/workflowhub/workflows/plan-generate/templates/plan-template.md'
   × plan-template.md contains all required sections > plan-template.md contains ## Constitution Check heading 0ms
     → ENOENT: no such file or directory, open '/Users/Hugh/Hugh/Project/workflowhub/workflows/plan-generate/templates/plan-template.md'
   × plan-template.md contains all required sections > plan-template.md contains F, Q, S clause groups for 21-clause coverage 0ms
     → ENOENT: no such file or directory, open '/Users/Hugh/Hugh/Project/workflowhub/workflows/plan-generate/templates/plan-template.md'
   × plan-template.md contains all required sections > plan-template.md contains ## Project Structure heading 0ms
     → ENOENT: no such file or directory, open '/Users/Hugh/Hugh/Project/workflowhub/workflows/plan-generate/templates/plan-template.md'
   × plan-template.md contains all required sections > plan-template.md contains ## Implementation Steps heading 0ms
     → ENOENT: no such file or directory, open '/Users/Hugh/Hugh/Project/workflowhub/workflows/plan-generate/templates/plan-template.md'
   × plan-template.md contains all required sections > plan-template.md contains ## F10 Anti-Over-Engineering Gate heading 0ms
     → ENOENT: no such file or directory, open '/Users/Hugh/Hugh/Project/workflowhub/workflows/plan-generate/templates/plan-template.md'
   × plan-template.md contains all required sections > plan-template.md contains ## Verification Mapping heading 0ms
     → ENOENT: no such file or directory, open '/Users/Hugh/Hugh/Project/workflowhub/workflows/plan-generate/templates/plan-template.md'
   × plan-template.md contains all required sections > plan-template.md contains F10 4-question gate table columns 0ms
     → ENOENT: no such file or directory, open '/Users/Hugh/Hugh/Project/workflowhub/workflows/plan-generate/templates/plan-template.md'
   × tasks-template.md contains all required elements > tasks-template.md contains Setup phase heading 0ms
     → ENOENT: no such file or directory, open '/Users/Hugh/Hugh/Project/workflowhub/workflows/tasks-generate/templates/tasks-template.md'
   × tasks-template.md contains all required elements > tasks-template.md contains Foundational phase heading 0ms
     → ENOENT: no such file or directory, open '/Users/Hugh/Hugh/Project/workflowhub/workflows/tasks-generate/templates/tasks-template.md'
   × tasks-template.md contains all required elements > tasks-template.md contains User Story phase pattern 0ms
     → ENOENT: no such file or directory, open '/Users/Hugh/Hugh/Project/workflowhub/workflows/tasks-generate/templates/tasks-template.md'
   × tasks-template.md contains all required elements > tasks-template.md contains Polish phase heading 0ms
     → ENOENT: no such file or directory, open '/Users/Hugh/Hugh/Project/workflowhub/workflows/tasks-generate/templates/tasks-template.md'
   × tasks-template.md contains all required elements > tasks-template.md documents [P] parallel marker convention 0ms
     → ENOENT: no such file or directory, open '/Users/Hugh/Hugh/Project/workflowhub/workflows/tasks-generate/templates/tasks-template.md'
   × tasks-template.md contains all required elements > tasks-template.md documents FR mapping per task convention 0ms
     → ENOENT: no such file or directory, open '/Users/Hugh/Hugh/Project/workflowhub/workflows/tasks-generate/templates/tasks-template.md'
   × tasks-template.md contains all required elements > tasks-template.md documents ## Stage N block syntax 0ms
     → ENOENT: no such file or directory, open '/Users/Hugh/Hugh/Project/workflowhub/workflows/tasks-generate/templates/tasks-template.md'
   × tasks-template.md contains all required elements > tasks-template.md documents (stage:N, depends:...) annotation format 0ms
     → ENOENT: no such file or directory, open '/Users/Hugh/Hugh/Project/workflowhub/workflows/tasks-generate/templates/tasks-template.md'

 Test Files  1 failed (1)
      Tests  19 failed (19)
   Start at  09:49:08
   Duration  149ms (transform 9ms, setup 0ms, collect 8ms, tests 5ms, environment 0ms, prepare 30ms)

