
> workflowhub@0.0.0 test
> vitest run tests/m13b-build-spec-deepening.test.mjs --reporter=verbose -t Phase 2


 RUN  v2.1.9 /Users/Hugh/Hugh/Project/workflowhub

 ✓ tests/m13b-build-spec-deepening.test.mjs > Phase 2 / AC-01: 质量事实契约 5 items > SKILL.md declares 质量事实契约 section
 ✓ tests/m13b-build-spec-deepening.test.mjs > Phase 2 / AC-01: 质量事实契约 5 items > SKILL.md includes scope 边界 as contract item 1
 ✓ tests/m13b-build-spec-deepening.test.mjs > Phase 2 / AC-01: 质量事实契约 5 items > SKILL.md includes 自检结果 as contract item 2
 ✓ tests/m13b-build-spec-deepening.test.mjs > Phase 2 / AC-01: 质量事实契约 5 items > SKILL.md includes 独立审查摘要 as contract item 3
 ✓ tests/m13b-build-spec-deepening.test.mjs > Phase 2 / AC-01: 质量事实契约 5 items > SKILL.md includes 未解风险 as contract item 4
 ✓ tests/m13b-build-spec-deepening.test.mjs > Phase 2 / AC-01: 质量事实契约 5 items > SKILL.md includes handoff required_reads as contract item 5
 ✓ tests/m13b-build-spec-deepening.test.mjs > Phase 2 / AC-01: 质量事实契约 5 items > SKILL.md declares contract items are non-blocking (FR-CONTRACT-002)
 ✓ tests/m13b-build-spec-deepening.test.mjs > Phase 2 / AC-02: spec-ladder A/B/C 档 > SKILL.md declares spec-ladder
 ✓ tests/m13b-build-spec-deepening.test.mjs > Phase 2 / AC-02: spec-ladder A/B/C 档 > SKILL.md defines A 档
 ✓ tests/m13b-build-spec-deepening.test.mjs > Phase 2 / AC-02: spec-ladder A/B/C 档 > SKILL.md defines B 档
 ✓ tests/m13b-build-spec-deepening.test.mjs > Phase 2 / AC-02: spec-ladder A/B/C 档 > SKILL.md defines C 档
 ✓ tests/m13b-build-spec-deepening.test.mjs > Phase 2 / AC-02: spec-ladder A/B/C 档 > SKILL.md declares F10 four-question at ladder stage (FR-LADDER-002)
 ✓ tests/m13b-build-spec-deepening.test.mjs > Phase 2 / AC-19: spec pipeline steps > SKILL.md mentions spec-specify as pipeline step
 ✓ tests/m13b-build-spec-deepening.test.mjs > Phase 2 / AC-19: spec pipeline steps > SKILL.md mentions spec-clarify as pipeline step
 ✓ tests/m13b-build-spec-deepening.test.mjs > Phase 2 / AC-19: spec pipeline steps > SKILL.md declares spec pipeline order (spec-specify → spec-clarify → ...)
 ✓ tests/m13b-build-spec-deepening.test.mjs > Phase 2 / AC-03: 7 self-check items > SKILL.md declares 7 self-check (7 条自检)
 ✓ tests/m13b-build-spec-deepening.test.mjs > Phase 2 / AC-03: 7 self-check items > SKILL.md includes self-check item for FR numbering format
 ✓ tests/m13b-build-spec-deepening.test.mjs > Phase 2 / AC-03: 7 self-check items > SKILL.md includes self-check item for Given/When/Then scenes
 ✓ tests/m13b-build-spec-deepening.test.mjs > Phase 2 / AC-04: Spec-Purity grep > SKILL.md declares Spec-Purity grep
 ✓ tests/m13b-build-spec-deepening.test.mjs > Phase 2 / AC-04: Spec-Purity grep > SKILL.md states Spec-Purity is non-blocking
 ✓ tests/m13b-build-spec-deepening.test.mjs > Phase 2 / AC-05: 异源 3rd-review 独立审查 > SKILL.md declares 3rd-review or 异源独立审查
 ✓ tests/m13b-build-spec-deepening.test.mjs > Phase 2 / AC-05: 异源 3rd-review 独立审查 > SKILL.md prohibits self-review (FR-REVIEW-002)
 ✓ tests/m13b-build-spec-deepening.test.mjs > Phase 2 / AC-05: 异源 3rd-review 独立审查 > SKILL.md declares review is non-blocking
 ✓ tests/m13b-build-spec-deepening.test.mjs > Phase 2 / AC-11: scope-triage 高危词浮现 > SKILL.md declares scope-triage high-risk word surfacing
 ✓ tests/m13b-build-spec-deepening.test.mjs > Phase 2 / AC-11: scope-triage 高危词浮现 > SKILL.md declares scope-triage is non-blocking
 ✓ tests/m13b-build-spec-deepening.test.mjs > Phase 2 / AC-12: spec↔decision-log 一致性检查 > SKILL.md declares decision-log consistency check
 ✓ tests/m13b-build-spec-deepening.test.mjs > Phase 2 / AC-12: spec↔decision-log 一致性检查 > SKILL.md declares consistency check is non-blocking

 Test Files  1 passed (1)
      Tests  27 passed | 28 skipped (55)
   Start at  16:25:05
   Duration  154ms (transform 12ms, setup 0ms, collect 13ms, tests 4ms, environment 0ms, prepare 38ms)

