
> workflowhub@0.0.0 test
> vitest run tests/m13b-build-spec-deepening.test.mjs --reporter=verbose -t Phase 2


 RUN  v2.1.9 /Users/Hugh/Hugh/Project/workflowhub

 ✓ tests/m13b-build-spec-deepening.test.mjs > Phase 2 / AC-01: 质量事实契约 5 items > SKILL.md declares 质量事实契约 section
 × tests/m13b-build-spec-deepening.test.mjs > Phase 2 / AC-01: 质量事实契约 5 items > SKILL.md includes scope 边界 as contract item 1
   → 契约 item 1: scope 边界 (FR-CONTRACT-001)
 × tests/m13b-build-spec-deepening.test.mjs > Phase 2 / AC-01: 质量事实契约 5 items > SKILL.md includes 自检结果 as contract item 2
   → 契约 item 2: 自检结果 (FR-CONTRACT-001)
 × tests/m13b-build-spec-deepening.test.mjs > Phase 2 / AC-01: 质量事实契约 5 items > SKILL.md includes 独立审查摘要 as contract item 3
   → 契约 item 3: 独立审查摘要 (FR-CONTRACT-001)
 × tests/m13b-build-spec-deepening.test.mjs > Phase 2 / AC-01: 质量事实契约 5 items > SKILL.md includes 未解风险 as contract item 4
   → 契约 item 4: 未解风险 (FR-CONTRACT-001)
 × tests/m13b-build-spec-deepening.test.mjs > Phase 2 / AC-01: 质量事实契约 5 items > SKILL.md includes handoff required_reads as contract item 5
   → 契约 item 5: handoff required_reads (FR-CONTRACT-001)
 ✓ tests/m13b-build-spec-deepening.test.mjs > Phase 2 / AC-01: 质量事实契约 5 items > SKILL.md declares contract items are non-blocking (FR-CONTRACT-002)
 × tests/m13b-build-spec-deepening.test.mjs > Phase 2 / AC-02: spec-ladder A/B/C 档 > SKILL.md declares spec-ladder
   → SKILL.md must declare spec-ladder (FR-LADDER-001)
 × tests/m13b-build-spec-deepening.test.mjs > Phase 2 / AC-02: spec-ladder A/B/C 档 > SKILL.md defines A 档
   → SKILL.md must define A 档 (FR-LADDER-001)
 × tests/m13b-build-spec-deepening.test.mjs > Phase 2 / AC-02: spec-ladder A/B/C 档 > SKILL.md defines B 档
   → SKILL.md must define B 档 (FR-LADDER-001)
 × tests/m13b-build-spec-deepening.test.mjs > Phase 2 / AC-02: spec-ladder A/B/C 档 > SKILL.md defines C 档
   → SKILL.md must define C 档 (FR-LADDER-001)
 × tests/m13b-build-spec-deepening.test.mjs > Phase 2 / AC-02: spec-ladder A/B/C 档 > SKILL.md declares F10 four-question at ladder stage (FR-LADDER-002)
   → SKILL.md must include F10 four-question in ladder judgment (FR-LADDER-002)
 ✓ tests/m13b-build-spec-deepening.test.mjs > Phase 2 / AC-19: spec pipeline steps > SKILL.md mentions spec-specify as pipeline step
 ✓ tests/m13b-build-spec-deepening.test.mjs > Phase 2 / AC-19: spec pipeline steps > SKILL.md mentions spec-clarify as pipeline step
 ✓ tests/m13b-build-spec-deepening.test.mjs > Phase 2 / AC-19: spec pipeline steps > SKILL.md declares spec pipeline order (spec-specify → spec-clarify → ...)
 × tests/m13b-build-spec-deepening.test.mjs > Phase 2 / AC-03: 7 self-check items > SKILL.md declares 7 self-check (7 条自检)
   → SKILL.md must declare 7-item self-check (FR-SELFCHECK-001)
 ✓ tests/m13b-build-spec-deepening.test.mjs > Phase 2 / AC-03: 7 self-check items > SKILL.md includes self-check item for FR numbering format
 × tests/m13b-build-spec-deepening.test.mjs > Phase 2 / AC-03: 7 self-check items > SKILL.md includes self-check item for Given/When/Then scenes
   → 7条自检 must include Given/When/Then check (FR-SELFCHECK-001 item 3)
 × tests/m13b-build-spec-deepening.test.mjs > Phase 2 / AC-04: Spec-Purity grep > SKILL.md declares Spec-Purity grep
   → SKILL.md must declare Spec-Purity grep (FR-SELFCHECK-002)
 × tests/m13b-build-spec-deepening.test.mjs > Phase 2 / AC-04: Spec-Purity grep > SKILL.md states Spec-Purity is non-blocking
   → Spec-Purity must be declared as non-blocking (FR-SELFCHECK-002)
 ✓ tests/m13b-build-spec-deepening.test.mjs > Phase 2 / AC-05: 异源 3rd-review 独立审查 > SKILL.md declares 3rd-review or 异源独立审查
 ✓ tests/m13b-build-spec-deepening.test.mjs > Phase 2 / AC-05: 异源 3rd-review 独立审查 > SKILL.md prohibits self-review (FR-REVIEW-002)
 ✓ tests/m13b-build-spec-deepening.test.mjs > Phase 2 / AC-05: 异源 3rd-review 独立审查 > SKILL.md declares review is non-blocking
 × tests/m13b-build-spec-deepening.test.mjs > Phase 2 / AC-11: scope-triage 高危词浮现 > SKILL.md declares scope-triage high-risk word surfacing
   → SKILL.md must declare scope-triage 高危词浮现 (FR-SCOPETRIAGE-001)
 × tests/m13b-build-spec-deepening.test.mjs > Phase 2 / AC-11: scope-triage 高危词浮现 > SKILL.md declares scope-triage is non-blocking
   → scope-triage must be non-blocking (FR-SCOPETRIAGE-001)
 × tests/m13b-build-spec-deepening.test.mjs > Phase 2 / AC-12: spec↔decision-log 一致性检查 > SKILL.md declares decision-log consistency check
   → SKILL.md must declare spec↔decision-log consistency check (FR-ALIGN-001)
 × tests/m13b-build-spec-deepening.test.mjs > Phase 2 / AC-12: spec↔decision-log 一致性检查 > SKILL.md declares consistency check is non-blocking
   → Consistency check must be non-blocking (FR-ALIGN-001)

 Test Files  1 failed (1)
      Tests  18 failed | 9 passed | 28 skipped (55)
   Start at  16:23:26
   Duration  162ms (transform 10ms, setup 0ms, collect 11ms, tests 7ms, environment 0ms, prepare 25ms)

