⎯⎯⎯⎯⎯⎯ Failed Tests 18 ⎯⎯⎯⎯⎯⎯⎯

 FAIL  tests/m13b-build-spec-deepening.test.mjs > Phase 2 / AC-01: 质量事实契约 5 items > SKILL.md includes scope 边界 as contract item 1
AssertionError: 契约 item 1: scope 边界 (FR-CONTRACT-001)

- Expected
+ Received

- true
+ false

 ❯ tests/m13b-build-spec-deepening.test.mjs:111:12
    109|   test("SKILL.md includes scope 边界 as contract item 1", () => {
    110|     const c = skill();
    111|     assert.ok(c.includes("scope 边界") || c.includes("scope boundary")…
       |            ^
    112|       "契约 item 1: scope 边界 (FR-CONTRACT-001)");
    113|   });

⎯⎯⎯⎯⎯⎯⎯⎯⎯⎯⎯⎯⎯⎯⎯⎯⎯⎯⎯⎯⎯⎯⎯[1/18]⎯

 FAIL  tests/m13b-build-spec-deepening.test.mjs > Phase 2 / AC-01: 质量事实契约 5 items > SKILL.md includes 自检结果 as contract item 2
AssertionError: 契约 item 2: 自检结果 (FR-CONTRACT-001)

- Expected
+ Received

- true
+ false

 ❯ tests/m13b-build-spec-deepening.test.mjs:115:12
    113|   });
    114|   test("SKILL.md includes 自检结果 as contract item 2", () => {
    115|     assert.ok(skill().includes("自检结果"),
       |            ^
    116|       "契约 item 2: 自检结果 (FR-CONTRACT-001)");
    117|   });

⎯⎯⎯⎯⎯⎯⎯⎯⎯⎯⎯⎯⎯⎯⎯⎯⎯⎯⎯⎯⎯⎯⎯[2/18]⎯

 FAIL  tests/m13b-build-spec-deepening.test.mjs > Phase 2 / AC-01: 质量事实契约 5 items > SKILL.md includes 独立审查摘要 as contract item 3
AssertionError: 契约 item 3: 独立审查摘要 (FR-CONTRACT-001)

- Expected
+ Received

- true
+ false

 ❯ tests/m13b-build-spec-deepening.test.mjs:120:12
    118|   test("SKILL.md includes 独立审查摘要 as contract item 3", () => {
    119|     const c = skill();
    120|     assert.ok(c.includes("独立审查摘要") || c.includes("审查摘要"),
       |            ^
    121|       "契约 item 3: 独立审查摘要 (FR-CONTRACT-001)");
    122|   });

⎯⎯⎯⎯⎯⎯⎯⎯⎯⎯⎯⎯⎯⎯⎯⎯⎯⎯⎯⎯⎯⎯⎯[3/18]⎯

 FAIL  tests/m13b-build-spec-deepening.test.mjs > Phase 2 / AC-01: 质量事实契约 5 items > SKILL.md includes 未解风险 as contract item 4
AssertionError: 契约 item 4: 未解风险 (FR-CONTRACT-001)

- Expected
+ Received

- true
+ false

 ❯ tests/m13b-build-spec-deepening.test.mjs:124:12
    122|   });
    123|   test("SKILL.md includes 未解风险 as contract item 4", () => {
    124|     assert.ok(skill().includes("未解风险"),
       |            ^
    125|       "契约 item 4: 未解风险 (FR-CONTRACT-001)");
    126|   });

⎯⎯⎯⎯⎯⎯⎯⎯⎯⎯⎯⎯⎯⎯⎯⎯⎯⎯⎯⎯⎯⎯⎯[4/18]⎯

 FAIL  tests/m13b-build-spec-deepening.test.mjs > Phase 2 / AC-01: 质量事实契约 5 items > SKILL.md includes handoff required_reads as contract item 5
AssertionError: 契约 item 5: handoff required_reads (FR-CONTRACT-001)

- Expected
+ Received

- true
+ false

 ❯ tests/m13b-build-spec-deepening.test.mjs:129:12
    127|   test("SKILL.md includes handoff required_reads as contract item 5", …
    128|     const c = skill();
    129|     assert.ok(c.includes("required_reads") || c.includes("handoff") &&…
       |            ^
    130|       "契约 item 5: handoff required_reads (FR-CONTRACT-001)");
    131|   });

⎯⎯⎯⎯⎯⎯⎯⎯⎯⎯⎯⎯⎯⎯⎯⎯⎯⎯⎯⎯⎯⎯⎯[5/18]⎯

 FAIL  tests/m13b-build-spec-deepening.test.mjs > Phase 2 / AC-02: spec-ladder A/B/C 档 > SKILL.md declares spec-ladder
AssertionError: SKILL.md must declare spec-ladder (FR-LADDER-001)

- Expected
+ Received

- true
+ false

 ❯ tests/m13b-build-spec-deepening.test.mjs:143:12
    141|   test("SKILL.md declares spec-ladder", () => {
    142|     const c = skill();
    143|     assert.ok(c.includes("spec-ladder") || c.includes("档位"),
       |            ^
    144|       "SKILL.md must declare spec-ladder (FR-LADDER-001)");
    145|   });

⎯⎯⎯⎯⎯⎯⎯⎯⎯⎯⎯⎯⎯⎯⎯⎯⎯⎯⎯⎯⎯⎯⎯[6/18]⎯

 FAIL  tests/m13b-build-spec-deepening.test.mjs > Phase 2 / AC-02: spec-ladder A/B/C 档 > SKILL.md defines A 档
AssertionError: SKILL.md must define A 档 (FR-LADDER-001)

- Expected
+ Received

- true
+ false

 ❯ tests/m13b-build-spec-deepening.test.mjs:147:12
    145|   });
    146|   test("SKILL.md defines A 档", () => {
    147|     assert.ok(skill().includes("A 档") || skill().includes("A档"),
       |            ^
    148|       "SKILL.md must define A 档 (FR-LADDER-001)");
    149|   });

⎯⎯⎯⎯⎯⎯⎯⎯⎯⎯⎯⎯⎯⎯⎯⎯⎯⎯⎯⎯⎯⎯⎯[7/18]⎯

 FAIL  tests/m13b-build-spec-deepening.test.mjs > Phase 2 / AC-02: spec-ladder A/B/C 档 > SKILL.md defines B 档
AssertionError: SKILL.md must define B 档 (FR-LADDER-001)

- Expected
+ Received

- true
+ false

 ❯ tests/m13b-build-spec-deepening.test.mjs:151:12
    149|   });
    150|   test("SKILL.md defines B 档", () => {
    151|     assert.ok(skill().includes("B 档") || skill().includes("B档"),
       |            ^
    152|       "SKILL.md must define B 档 (FR-LADDER-001)");
    153|   });

⎯⎯⎯⎯⎯⎯⎯⎯⎯⎯⎯⎯⎯⎯⎯⎯⎯⎯⎯⎯⎯⎯⎯[8/18]⎯

 FAIL  tests/m13b-build-spec-deepening.test.mjs > Phase 2 / AC-02: spec-ladder A/B/C 档 > SKILL.md defines C 档
AssertionError: SKILL.md must define C 档 (FR-LADDER-001)

- Expected
+ Received

- true
+ false

 ❯ tests/m13b-build-spec-deepening.test.mjs:155:12
    153|   });
    154|   test("SKILL.md defines C 档", () => {
    155|     assert.ok(skill().includes("C 档") || skill().includes("C档"),
       |            ^
    156|       "SKILL.md must define C 档 (FR-LADDER-001)");
    157|   });

⎯⎯⎯⎯⎯⎯⎯⎯⎯⎯⎯⎯⎯⎯⎯⎯⎯⎯⎯⎯⎯⎯⎯[9/18]⎯

 FAIL  tests/m13b-build-spec-deepening.test.mjs > Phase 2 / AC-02: spec-ladder A/B/C 档 > SKILL.md declares F10 four-question at ladder stage (FR-LADDER-002)
AssertionError: SKILL.md must include F10 four-question in ladder judgment (FR-LADDER-002)

- Expected
+ Received

- true
+ false

 ❯ tests/m13b-build-spec-deepening.test.mjs:160:12
    158|   test("SKILL.md declares F10 four-question at ladder stage (FR-LADDER…
    159|     const c = skill();
    160|     assert.ok(
       |            ^
    161|       c.includes("FR-LADDER-002") || (c.includes("档位") && (c.include…
    162|       "SKILL.md must include F10 four-question in ladder judgment (FR-…

⎯⎯⎯⎯⎯⎯⎯⎯⎯⎯⎯⎯⎯⎯⎯⎯⎯⎯⎯⎯⎯⎯[10/18]⎯

 FAIL  tests/m13b-build-spec-deepening.test.mjs > Phase 2 / AC-03: 7 self-check items > SKILL.md declares 7 self-check (7 条自检)
AssertionError: SKILL.md must declare 7-item self-check (FR-SELFCHECK-001)

- Expected
+ Received

- true
+ false

 ❯ tests/m13b-build-spec-deepening.test.mjs:187:12
    185|   test("SKILL.md declares 7 self-check (7 条自检)", () => {
    186|     const c = skill();
    187|     assert.ok(c.includes("7 条自检") || c.includes("7条自检") || (c.in…
       |            ^
    188|       "SKILL.md must declare 7-item self-check (FR-SELFCHECK-001)");
    189|   });

⎯⎯⎯⎯⎯⎯⎯⎯⎯⎯⎯⎯⎯⎯⎯⎯⎯⎯⎯⎯⎯⎯[11/18]⎯

 FAIL  tests/m13b-build-spec-deepening.test.mjs > Phase 2 / AC-03: 7 self-check items > SKILL.md includes self-check item for Given/When/Then scenes
AssertionError: 7条自检 must include Given/When/Then check (FR-SELFCHECK-001 item 3)

- Expected
+ Received

- true
+ false

 ❯ tests/m13b-build-spec-deepening.test.mjs:198:12
    196|   test("SKILL.md includes self-check item for Given/When/Then scenes",…
    197|     const c = skill();
    198|     assert.ok(c.includes("Given") && c.includes("When") && c.includes(…
       |            ^
    199|       "7条自检 must include Given/When/Then check (FR-SELFCHECK-001 it…
    200|   });

⎯⎯⎯⎯⎯⎯⎯⎯⎯⎯⎯⎯⎯⎯⎯⎯⎯⎯⎯⎯⎯⎯[12/18]⎯

 FAIL  tests/m13b-build-spec-deepening.test.mjs > Phase 2 / AC-04: Spec-Purity grep > SKILL.md declares Spec-Purity grep
AssertionError: SKILL.md must declare Spec-Purity grep (FR-SELFCHECK-002)

- Expected
+ Received

- true
+ false

 ❯ tests/m13b-build-spec-deepening.test.mjs:206:12
    204|   test("SKILL.md declares Spec-Purity grep", () => {
    205|     const c = skill();
    206|     assert.ok(c.includes("Spec-Purity") || c.includes("spec-purity"),
       |            ^
    207|       "SKILL.md must declare Spec-Purity grep (FR-SELFCHECK-002)");
    208|   });

⎯⎯⎯⎯⎯⎯⎯⎯⎯⎯⎯⎯⎯⎯⎯⎯⎯⎯⎯⎯⎯⎯[13/18]⎯

 FAIL  tests/m13b-build-spec-deepening.test.mjs > Phase 2 / AC-04: Spec-Purity grep > SKILL.md states Spec-Purity is non-blocking
AssertionError: Spec-Purity must be declared as non-blocking (FR-SELFCHECK-002)

- Expected
+ Received

- true
+ false

 ❯ tests/m13b-build-spec-deepening.test.mjs:211:12
    209|   test("SKILL.md states Spec-Purity is non-blocking", () => {
    210|     const c = skill();
    211|     assert.ok(
       |            ^
    212|       c.includes("Spec-Purity") && (c.includes("不阻断") || c.includes…
    213|       "Spec-Purity must be declared as non-blocking (FR-SELFCHECK-002)…

⎯⎯⎯⎯⎯⎯⎯⎯⎯⎯⎯⎯⎯⎯⎯⎯⎯⎯⎯⎯⎯⎯[14/18]⎯

 FAIL  tests/m13b-build-spec-deepening.test.mjs > Phase 2 / AC-11: scope-triage 高危词浮现 > SKILL.md declares scope-triage high-risk word surfacing
AssertionError: SKILL.md must declare scope-triage 高危词浮现 (FR-SCOPETRIAGE-001)

- Expected
+ Received

- true
+ false

 ❯ tests/m13b-build-spec-deepening.test.mjs:240:12
    238|   test("SKILL.md declares scope-triage high-risk word surfacing", () =…
    239|     const c = skill();
    240|     assert.ok(c.includes("scope-triage") || c.includes("高危词"),
       |            ^
    241|       "SKILL.md must declare scope-triage 高危词浮现 (FR-SCOPETRIAGE-0…
    242|   });

⎯⎯⎯⎯⎯⎯⎯⎯⎯⎯⎯⎯⎯⎯⎯⎯⎯⎯⎯⎯⎯⎯[15/18]⎯

 FAIL  tests/m13b-build-spec-deepening.test.mjs > Phase 2 / AC-11: scope-triage 高危词浮现 > SKILL.md declares scope-triage is non-blocking
AssertionError: scope-triage must be non-blocking (FR-SCOPETRIAGE-001)

- Expected
+ Received

- true
+ false

 ❯ tests/m13b-build-spec-deepening.test.mjs:245:12
    243|   test("SKILL.md declares scope-triage is non-blocking", () => {
    244|     const c = skill();
    245|     assert.ok(
       |            ^
    246|       (c.includes("scope-triage") || c.includes("高危词")) && (c.inclu…
    247|       "scope-triage must be non-blocking (FR-SCOPETRIAGE-001)");

⎯⎯⎯⎯⎯⎯⎯⎯⎯⎯⎯⎯⎯⎯⎯⎯⎯⎯⎯⎯⎯⎯[16/18]⎯

 FAIL  tests/m13b-build-spec-deepening.test.mjs > Phase 2 / AC-12: spec↔decision-log 一致性检查 > SKILL.md declares decision-log consistency check
AssertionError: SKILL.md must declare spec↔decision-log consistency check (FR-ALIGN-001)

- Expected
+ Received

- true
+ false

 ❯ tests/m13b-build-spec-deepening.test.mjs:254:12
    252|   test("SKILL.md declares decision-log consistency check", () => {
    253|     const c = skill();
    254|     assert.ok(
       |            ^
    255|       c.includes("一致性") || c.includes("FR-ALIGN") || c.includes("KE…
    256|       "SKILL.md must declare spec↔decision-log consistency check (FR-A…

⎯⎯⎯⎯⎯⎯⎯⎯⎯⎯⎯⎯⎯⎯⎯⎯⎯⎯⎯⎯⎯⎯[17/18]⎯

 FAIL  tests/m13b-build-spec-deepening.test.mjs > Phase 2 / AC-12: spec↔decision-log 一致性检查 > SKILL.md declares consistency check is non-blocking
AssertionError: Consistency check must be non-blocking (FR-ALIGN-001)

- Expected
+ Received

- true
+ false

 ❯ tests/m13b-build-spec-deepening.test.mjs:260:12
    258|   test("SKILL.md declares consistency check is non-blocking", () => {
    259|     const c = skill();
    260|     assert.ok(
       |            ^
    261|       (c.includes("一致性") || c.includes("FR-ALIGN")) && (c.includes(…
    262|       "Consistency check must be non-blocking (FR-ALIGN-001)");

⎯⎯⎯⎯⎯⎯⎯⎯⎯⎯⎯⎯⎯⎯⎯⎯⎯⎯⎯⎯⎯⎯[18/18]⎯

