⎯⎯⎯⎯⎯⎯ Failed Tests 40 ⎯⎯⎯⎯⎯⎯⎯

 FAIL  tests/m13b-build-spec-deepening.test.mjs > Phase 1 / AC-06: TASK_TRACKING_ROOT env var declared > SKILL.md contains TASK_TRACKING_ROOT
AssertionError: TASK_TRACKING_ROOT must appear in build-spec SKILL.md (FR-TRACKING-001)

- Expected
+ Received

- true
+ false

 ❯ tests/m13b-build-spec-deepening.test.mjs:23:12
     21| describe("Phase 1 / AC-06: TASK_TRACKING_ROOT env var declared", () =>…
     22|   test("SKILL.md contains TASK_TRACKING_ROOT", () => {
     23|     assert.ok(skill().includes("TASK_TRACKING_ROOT"),
       |            ^
     24|       "TASK_TRACKING_ROOT must appear in build-spec SKILL.md (FR-TRACK…
     25|   });

⎯⎯⎯⎯⎯⎯⎯⎯⎯⎯⎯⎯⎯⎯⎯⎯⎯⎯⎯⎯⎯⎯⎯[1/40]⎯

 FAIL  tests/m13b-build-spec-deepening.test.mjs > Phase 1 / AC-06: TASK_TRACKING_ROOT env var declared > SKILL.md declares default path ~/Knowledge/workflowhub/
AssertionError: Default TASK_TRACKING_ROOT path must be declared (FR-TRACKING-001)

- Expected
+ Received

- true
+ false

 ❯ tests/m13b-build-spec-deepening.test.mjs:27:12
     25|   });
     26|   test("SKILL.md declares default path ~/Knowledge/workflowhub/", () =…
     27|     assert.ok(skill().includes("Knowledge/workflowhub"),
       |            ^
     28|       "Default TASK_TRACKING_ROOT path must be declared (FR-TRACKING-0…
     29|   });

⎯⎯⎯⎯⎯⎯⎯⎯⎯⎯⎯⎯⎯⎯⎯⎯⎯⎯⎯⎯⎯⎯⎯[2/40]⎯

 FAIL  tests/m13b-build-spec-deepening.test.mjs > Phase 1 / AC-06: TASK_TRACKING_ROOT env var declared > SKILL.md states warn-not-stop behaviour for missing TASK_TRACKING_ROOT
AssertionError: SKILL.md must declare warn (not stop) on missing TASK_TRACKING_ROOT (FR-TRACKING-001)

- Expected
+ Received

- true
+ false

 ❯ tests/m13b-build-spec-deepening.test.mjs:32:12
     30|   test("SKILL.md states warn-not-stop behaviour for missing TASK_TRACK…
     31|     const c = skill();
     32|     assert.ok(c.includes("TASK_TRACKING_ROOT") && (c.includes("warn") …
       |            ^
     33|       "SKILL.md must declare warn (not stop) on missing TASK_TRACKING_…
     34|   });

⎯⎯⎯⎯⎯⎯⎯⎯⎯⎯⎯⎯⎯⎯⎯⎯⎯⎯⎯⎯⎯⎯⎯[3/40]⎯

 FAIL  tests/m13b-build-spec-deepening.test.mjs > Phase 1 / AC-13: --task-dir parameter convention > SKILL.md declares --task-dir parameter
AssertionError: --task-dir parameter must be declared in build-spec SKILL.md (FR-TASKDIR-001)

- Expected
+ Received

- true
+ false

 ❯ tests/m13b-build-spec-deepening.test.mjs:39:12
     37| describe("Phase 1 / AC-13: --task-dir parameter convention", () => {
     38|   test("SKILL.md declares --task-dir parameter", () => {
     39|     assert.ok(skill().includes("--task-dir"),
       |            ^
     40|       "--task-dir parameter must be declared in build-spec SKILL.md (F…
     41|   });

⎯⎯⎯⎯⎯⎯⎯⎯⎯⎯⎯⎯⎯⎯⎯⎯⎯⎯⎯⎯⎯⎯⎯[4/40]⎯

 FAIL  tests/m13b-build-spec-deepening.test.mjs > Phase 1 / AC-13: --task-dir parameter convention > SKILL.md states fallback behaviour for missing --task-dir
AssertionError: SKILL.md must declare fallback/default path when --task-dir is absent (FR-TASKDIR-001)

- Expected
+ Received

- true
+ false

 ❯ tests/m13b-build-spec-deepening.test.mjs:44:12
     42|   test("SKILL.md states fallback behaviour for missing --task-dir", ()…
     43|     const c = skill();
     44|     assert.ok(c.includes("--task-dir") && (c.includes("回退") || c.inc…
       |            ^
     45|       "SKILL.md must declare fallback/default path when --task-dir is …
     46|   });

⎯⎯⎯⎯⎯⎯⎯⎯⎯⎯⎯⎯⎯⎯⎯⎯⎯⎯⎯⎯⎯⎯⎯[5/40]⎯

 FAIL  tests/m13b-build-spec-deepening.test.mjs > Phase 1 / AC-20: three-layer spec structure > SKILL.md declares 速读卡 (layer 1)
AssertionError: SKILL.md must declare 速读卡/层1 in three-layer structure (FR-STRUCTURE-001)

- Expected
+ Received

- true
+ false

 ❯ tests/m13b-build-spec-deepening.test.mjs:52:12
     50|   test("SKILL.md declares 速读卡 (layer 1)", () => {
     51|     const c = skill();
     52|     assert.ok(c.includes("速读卡") || c.includes("层 1") || c.includes…
       |            ^
     53|       "SKILL.md must declare 速读卡/层1 in three-layer structure (FR-S…
     54|   });

⎯⎯⎯⎯⎯⎯⎯⎯⎯⎯⎯⎯⎯⎯⎯⎯⎯⎯⎯⎯⎯⎯⎯[6/40]⎯

 FAIL  tests/m13b-build-spec-deepening.test.mjs > Phase 1 / AC-20: three-layer spec structure > SKILL.md declares 附录 (layer 3)
AssertionError: SKILL.md must declare 附录/层3 in three-layer structure (FR-STRUCTURE-001)

- Expected
+ Received

- true
+ false

 ❯ tests/m13b-build-spec-deepening.test.mjs:57:12
     55|   test("SKILL.md declares 附录 (layer 3)", () => {
     56|     const c = skill();
     57|     assert.ok(c.includes("附录") || c.includes("层 3") || c.includes("…
       |            ^
     58|       "SKILL.md must declare 附录/层3 in three-layer structure (FR-STR…
     59|   });

⎯⎯⎯⎯⎯⎯⎯⎯⎯⎯⎯⎯⎯⎯⎯⎯⎯⎯⎯⎯⎯⎯⎯[7/40]⎯

 FAIL  tests/m13b-build-spec-deepening.test.mjs > Phase 1 / AC-20: three-layer spec structure > SKILL.md declares 正文 (layer 2)
AssertionError: SKILL.md must declare 正文/层2 in three-layer structure (FR-STRUCTURE-001)

- Expected
+ Received

- true
+ false

 ❯ tests/m13b-build-spec-deepening.test.mjs:62:12
     60|   test("SKILL.md declares 正文 (layer 2)", () => {
     61|     const c = skill();
     62|     assert.ok(c.includes("正文") || c.includes("层 2") || c.includes("…
       |            ^
     63|       "SKILL.md must declare 正文/层2 in three-layer structure (FR-STR…
     64|   });

⎯⎯⎯⎯⎯⎯⎯⎯⎯⎯⎯⎯⎯⎯⎯⎯⎯⎯⎯⎯⎯⎯⎯[8/40]⎯

 FAIL  tests/m13b-build-spec-deepening.test.mjs > Phase 1 / AC-14: Known Gaps section requirement > SKILL.md requires Known Gaps section in spec output
AssertionError: SKILL.md must require Known Gaps section (FR-STRUCTURE-002)

- Expected
+ Received

- true
+ false

 ❯ tests/m13b-build-spec-deepening.test.mjs:69:12
     67| describe("Phase 1 / AC-14: Known Gaps section requirement", () => {
     68|   test("SKILL.md requires Known Gaps section in spec output", () => {
     69|     assert.ok(skill().includes("Known Gaps"),
       |            ^
     70|       "SKILL.md must require Known Gaps section (FR-STRUCTURE-002)");
     71|   });

⎯⎯⎯⎯⎯⎯⎯⎯⎯⎯⎯⎯⎯⎯⎯⎯⎯⎯⎯⎯⎯⎯⎯[9/40]⎯

 FAIL  tests/m13b-build-spec-deepening.test.mjs > Phase 1 / AC-07: FR-{DOMAIN}-NNN numbering format > SKILL.md declares FR-{DOMAIN}-NNN format
AssertionError: SKILL.md must declare FR-{DOMAIN}-NNN numbering format (FR-NUMBERING-001)

- Expected
+ Received

- true
+ false

 ❯ tests/m13b-build-spec-deepening.test.mjs:77:12
     75|   test("SKILL.md declares FR-{DOMAIN}-NNN format", () => {
     76|     const c = skill();
     77|     assert.ok(
       |            ^
     78|       c.includes("FR-{DOMAIN}") || c.includes("DOMAIN}-NNN") || c.incl…
     79|       "SKILL.md must declare FR-{DOMAIN}-NNN numbering format (FR-NUMB…

⎯⎯⎯⎯⎯⎯⎯⎯⎯⎯⎯⎯⎯⎯⎯⎯⎯⎯⎯⎯⎯⎯[10/40]⎯

 FAIL  tests/m13b-build-spec-deepening.test.mjs > Phase 1 / AC-08: spec-acceptance-count.json production > SKILL.md declares spec-acceptance-count.json output step
AssertionError: SKILL.md must declare spec-acceptance-count.json output (FR-ACCOUNT-001)

- Expected
+ Received

- true
+ false

 ❯ tests/m13b-build-spec-deepening.test.mjs:85:12
     83| describe("Phase 1 / AC-08: spec-acceptance-count.json production", () …
     84|   test("SKILL.md declares spec-acceptance-count.json output step", () …
     85|     assert.ok(skill().includes("spec-acceptance-count.json"),
       |            ^
     86|       "SKILL.md must declare spec-acceptance-count.json output (FR-ACC…
     87|   });

⎯⎯⎯⎯⎯⎯⎯⎯⎯⎯⎯⎯⎯⎯⎯⎯⎯⎯⎯⎯⎯⎯[11/40]⎯

 FAIL  tests/m13b-build-spec-deepening.test.mjs > Phase 1 / AC-08: spec-acceptance-count.json production > SKILL.md declares ac_count field
AssertionError: SKILL.md must declare ac_count field in spec-acceptance-count.json (FR-ACCOUNT-001)

- Expected
+ Received

- true
+ false

 ❯ tests/m13b-build-spec-deepening.test.mjs:89:12
     87|   });
     88|   test("SKILL.md declares ac_count field", () => {
     89|     assert.ok(skill().includes("ac_count"),
       |            ^
     90|       "SKILL.md must declare ac_count field in spec-acceptance-count.j…
     91|   });

⎯⎯⎯⎯⎯⎯⎯⎯⎯⎯⎯⎯⎯⎯⎯⎯⎯⎯⎯⎯⎯⎯[12/40]⎯

 FAIL  tests/m13b-build-spec-deepening.test.mjs > Phase 1 / AC-08: spec-acceptance-count.json production > SKILL.md declares fr_count field
AssertionError: SKILL.md must declare fr_count field (FR-ACCOUNT-001)

- Expected
+ Received

- true
+ false

 ❯ tests/m13b-build-spec-deepening.test.mjs:93:12
     91|   });
     92|   test("SKILL.md declares fr_count field", () => {
     93|     assert.ok(skill().includes("fr_count"),
       |            ^
     94|       "SKILL.md must declare fr_count field (FR-ACCOUNT-001)");
     95|   });

⎯⎯⎯⎯⎯⎯⎯⎯⎯⎯⎯⎯⎯⎯⎯⎯⎯⎯⎯⎯⎯⎯[13/40]⎯

 FAIL  tests/m13b-build-spec-deepening.test.mjs > Phase 1 / AC-08: spec-acceptance-count.json production > SKILL.md declares counted_at field
AssertionError: SKILL.md must declare counted_at field (FR-ACCOUNT-001)

- Expected
+ Received

- true
+ false

 ❯ tests/m13b-build-spec-deepening.test.mjs:97:12
     95|   });
     96|   test("SKILL.md declares counted_at field", () => {
     97|     assert.ok(skill().includes("counted_at"),
       |            ^
     98|       "SKILL.md must declare counted_at field (FR-ACCOUNT-001)");
     99|   });

⎯⎯⎯⎯⎯⎯⎯⎯⎯⎯⎯⎯⎯⎯⎯⎯⎯⎯⎯⎯⎯⎯[14/40]⎯

 FAIL  tests/m13b-build-spec-deepening.test.mjs > Phase 2 / AC-01: 质量事实契约 5 items > SKILL.md declares 质量事实契约 section
AssertionError: SKILL.md must declare 质量事实契约 section (FR-CONTRACT-001)

- Expected
+ Received

- true
+ false

 ❯ tests/m13b-build-spec-deepening.test.mjs:106:12
    104| describe("Phase 2 / AC-01: 质量事实契约 5 items", () => {
    105|   test("SKILL.md declares 质量事实契约 section", () => {
    106|     assert.ok(skill().includes("质量事实契约"),
       |            ^
    107|       "SKILL.md must declare 质量事实契约 section (FR-CONTRACT-001)");
    108|   });

⎯⎯⎯⎯⎯⎯⎯⎯⎯⎯⎯⎯⎯⎯⎯⎯⎯⎯⎯⎯⎯⎯[15/40]⎯

 FAIL  tests/m13b-build-spec-deepening.test.mjs > Phase 2 / AC-01: 质量事实契约 5 items > SKILL.md includes scope 边界 as contract item 1
AssertionError: 契约 item 1: scope 边界 (FR-CONTRACT-001)

- Expected
+ Received

- true
+ false

 ❯ tests/m13b-build-spec-deepening.test.mjs:111:12
    109|   test("SKILL.md includes scope 边界 as contract item 1", () => {
    110|     const c = skill();
    111|     assert.ok(c.includes("scope 边界") || c.includes("scope boundary")…
       |            ^
    112|       "契约 item 1: scope 边界 (FR-CONTRACT-001)");
    113|   });

⎯⎯⎯⎯⎯⎯⎯⎯⎯⎯⎯⎯⎯⎯⎯⎯⎯⎯⎯⎯⎯⎯[16/40]⎯

 FAIL  tests/m13b-build-spec-deepening.test.mjs > Phase 2 / AC-01: 质量事实契约 5 items > SKILL.md includes 自检结果 as contract item 2
AssertionError: 契约 item 2: 自检结果 (FR-CONTRACT-001)

- Expected
+ Received

- true
+ false

 ❯ tests/m13b-build-spec-deepening.test.mjs:115:12
    113|   });
    114|   test("SKILL.md includes 自检结果 as contract item 2", () => {
    115|     assert.ok(skill().includes("自检结果"),
       |            ^
    116|       "契约 item 2: 自检结果 (FR-CONTRACT-001)");
    117|   });

⎯⎯⎯⎯⎯⎯⎯⎯⎯⎯⎯⎯⎯⎯⎯⎯⎯⎯⎯⎯⎯⎯[17/40]⎯

 FAIL  tests/m13b-build-spec-deepening.test.mjs > Phase 2 / AC-01: 质量事实契约 5 items > SKILL.md includes 独立审查摘要 as contract item 3
AssertionError: 契约 item 3: 独立审查摘要 (FR-CONTRACT-001)

- Expected
+ Received

- true
+ false

 ❯ tests/m13b-build-spec-deepening.test.mjs:120:12
    118|   test("SKILL.md includes 独立审查摘要 as contract item 3", () => {
    119|     const c = skill();
    120|     assert.ok(c.includes("独立审查摘要") || c.includes("审查摘要"),
       |            ^
    121|       "契约 item 3: 独立审查摘要 (FR-CONTRACT-001)");
    122|   });

⎯⎯⎯⎯⎯⎯⎯⎯⎯⎯⎯⎯⎯⎯⎯⎯⎯⎯⎯⎯⎯⎯[18/40]⎯

 FAIL  tests/m13b-build-spec-deepening.test.mjs > Phase 2 / AC-01: 质量事实契约 5 items > SKILL.md includes 未解风险 as contract item 4
AssertionError: 契约 item 4: 未解风险 (FR-CONTRACT-001)

- Expected
+ Received

- true
+ false

 ❯ tests/m13b-build-spec-deepening.test.mjs:124:12
    122|   });
    123|   test("SKILL.md includes 未解风险 as contract item 4", () => {
    124|     assert.ok(skill().includes("未解风险"),
       |            ^
    125|       "契约 item 4: 未解风险 (FR-CONTRACT-001)");
    126|   });

⎯⎯⎯⎯⎯⎯⎯⎯⎯⎯⎯⎯⎯⎯⎯⎯⎯⎯⎯⎯⎯⎯[19/40]⎯

 FAIL  tests/m13b-build-spec-deepening.test.mjs > Phase 2 / AC-01: 质量事实契约 5 items > SKILL.md includes handoff required_reads as contract item 5
AssertionError: 契约 item 5: handoff required_reads (FR-CONTRACT-001)

- Expected
+ Received

- true
+ false

 ❯ tests/m13b-build-spec-deepening.test.mjs:129:12
    127|   test("SKILL.md includes handoff required_reads as contract item 5", …
    128|     const c = skill();
    129|     assert.ok(c.includes("required_reads") || c.includes("handoff") &&…
       |            ^
    130|       "契约 item 5: handoff required_reads (FR-CONTRACT-001)");
    131|   });

⎯⎯⎯⎯⎯⎯⎯⎯⎯⎯⎯⎯⎯⎯⎯⎯⎯⎯⎯⎯⎯⎯[20/40]⎯

 FAIL  tests/m13b-build-spec-deepening.test.mjs > Phase 2 / AC-01: 质量事实契约 5 items > SKILL.md declares contract items are non-blocking (FR-CONTRACT-002)
AssertionError: 契约必须明确为非阻断 (FR-CONTRACT-002)

- Expected
+ Received

- true
+ false

 ❯ tests/m13b-build-spec-deepening.test.mjs:134:12
    132|   test("SKILL.md declares contract items are non-blocking (FR-CONTRACT…
    133|     const c = skill();
    134|     assert.ok(
       |            ^
    135|       c.includes("FR-CONTRACT-002") || (c.includes("质量事实契约") && …
    136|       "契约必须明确为非阻断 (FR-CONTRACT-002)");

⎯⎯⎯⎯⎯⎯⎯⎯⎯⎯⎯⎯⎯⎯⎯⎯⎯⎯⎯⎯⎯⎯[21/40]⎯

 FAIL  tests/m13b-build-spec-deepening.test.mjs > Phase 2 / AC-02: spec-ladder A/B/C 档 > SKILL.md declares spec-ladder
AssertionError: SKILL.md must declare spec-ladder (FR-LADDER-001)

- Expected
+ Received

- true
+ false

 ❯ tests/m13b-build-spec-deepening.test.mjs:143:12
    141|   test("SKILL.md declares spec-ladder", () => {
    142|     const c = skill();
    143|     assert.ok(c.includes("spec-ladder") || c.includes("档位"),
       |            ^
    144|       "SKILL.md must declare spec-ladder (FR-LADDER-001)");
    145|   });

⎯⎯⎯⎯⎯⎯⎯⎯⎯⎯⎯⎯⎯⎯⎯⎯⎯⎯⎯⎯⎯⎯[22/40]⎯

 FAIL  tests/m13b-build-spec-deepening.test.mjs > Phase 2 / AC-02: spec-ladder A/B/C 档 > SKILL.md defines A 档
AssertionError: SKILL.md must define A 档 (FR-LADDER-001)

- Expected
+ Received

- true
+ false

 ❯ tests/m13b-build-spec-deepening.test.mjs:147:12
    145|   });
    146|   test("SKILL.md defines A 档", () => {
    147|     assert.ok(skill().includes("A 档") || skill().includes("A档"),
       |            ^
    148|       "SKILL.md must define A 档 (FR-LADDER-001)");
    149|   });

⎯⎯⎯⎯⎯⎯⎯⎯⎯⎯⎯⎯⎯⎯⎯⎯⎯⎯⎯⎯⎯⎯[23/40]⎯

 FAIL  tests/m13b-build-spec-deepening.test.mjs > Phase 2 / AC-02: spec-ladder A/B/C 档 > SKILL.md defines B 档
AssertionError: SKILL.md must define B 档 (FR-LADDER-001)

- Expected
+ Received

- true
+ false

 ❯ tests/m13b-build-spec-deepening.test.mjs:151:12
    149|   });
    150|   test("SKILL.md defines B 档", () => {
    151|     assert.ok(skill().includes("B 档") || skill().includes("B档"),
       |            ^
    152|       "SKILL.md must define B 档 (FR-LADDER-001)");
    153|   });

⎯⎯⎯⎯⎯⎯⎯⎯⎯⎯⎯⎯⎯⎯⎯⎯⎯⎯⎯⎯⎯⎯[24/40]⎯

 FAIL  tests/m13b-build-spec-deepening.test.mjs > Phase 2 / AC-02: spec-ladder A/B/C 档 > SKILL.md defines C 档
AssertionError: SKILL.md must define C 档 (FR-LADDER-001)

- Expected
+ Received

- true
+ false

 ❯ tests/m13b-build-spec-deepening.test.mjs:155:12
    153|   });
    154|   test("SKILL.md defines C 档", () => {
    155|     assert.ok(skill().includes("C 档") || skill().includes("C档"),
       |            ^
    156|       "SKILL.md must define C 档 (FR-LADDER-001)");
    157|   });

⎯⎯⎯⎯⎯⎯⎯⎯⎯⎯⎯⎯⎯⎯⎯⎯⎯⎯⎯⎯⎯⎯[25/40]⎯

 FAIL  tests/m13b-build-spec-deepening.test.mjs > Phase 2 / AC-02: spec-ladder A/B/C 档 > SKILL.md declares F10 four-question at ladder stage (FR-LADDER-002)
AssertionError: SKILL.md must include F10 four-question in ladder judgment (FR-LADDER-002)

- Expected
+ Received

- true
+ false

 ❯ tests/m13b-build-spec-deepening.test.mjs:160:12
    158|   test("SKILL.md declares F10 four-question at ladder stage (FR-LADDER…
    159|     const c = skill();
    160|     assert.ok(
       |            ^
    161|       c.includes("FR-LADDER-002") || (c.includes("档位") && (c.include…
    162|       "SKILL.md must include F10 four-question in ladder judgment (FR-…

⎯⎯⎯⎯⎯⎯⎯⎯⎯⎯⎯⎯⎯⎯⎯⎯⎯⎯⎯⎯⎯⎯[26/40]⎯

 FAIL  tests/m13b-build-spec-deepening.test.mjs > Phase 2 / AC-03: 7 self-check items > SKILL.md declares 7 self-check (7 条自检)
AssertionError: SKILL.md must declare 7-item self-check (FR-SELFCHECK-001)

- Expected
+ Received

- true
+ false

 ❯ tests/m13b-build-spec-deepening.test.mjs:187:12
    185|   test("SKILL.md declares 7 self-check (7 条自检)", () => {
    186|     const c = skill();
    187|     assert.ok(c.includes("7 条自检") || c.includes("7条自检") || (c.in…
       |            ^
    188|       "SKILL.md must declare 7-item self-check (FR-SELFCHECK-001)");
    189|   });

⎯⎯⎯⎯⎯⎯⎯⎯⎯⎯⎯⎯⎯⎯⎯⎯⎯⎯⎯⎯⎯⎯[27/40]⎯

 FAIL  tests/m13b-build-spec-deepening.test.mjs > Phase 2 / AC-03: 7 self-check items > SKILL.md includes self-check item for FR numbering format
AssertionError: 7条自检 must include FR format check (FR-SELFCHECK-001 item 2)

- Expected
+ Received

- true
+ false

 ❯ tests/m13b-build-spec-deepening.test.mjs:192:12
    190|   test("SKILL.md includes self-check item for FR numbering format", ()…
    191|     const c = skill();
    192|     assert.ok(
       |            ^
    193|       c.includes("FR-{DOMAIN}-NNN") || c.includes("FR 使用") || c.incl…
    194|       "7条自检 must include FR format check (FR-SELFCHECK-001 item 2)"…

⎯⎯⎯⎯⎯⎯⎯⎯⎯⎯⎯⎯⎯⎯⎯⎯⎯⎯⎯⎯⎯⎯[28/40]⎯

 FAIL  tests/m13b-build-spec-deepening.test.mjs > Phase 2 / AC-03: 7 self-check items > SKILL.md includes self-check item for Given/When/Then scenes
AssertionError: 7条自检 must include Given/When/Then check (FR-SELFCHECK-001 item 3)

- Expected
+ Received

- true
+ false

 ❯ tests/m13b-build-spec-deepening.test.mjs:198:12
    196|   test("SKILL.md includes self-check item for Given/When/Then scenes",…
    197|     const c = skill();
    198|     assert.ok(c.includes("Given") && c.includes("When") && c.includes(…
       |            ^
    199|       "7条自检 must include Given/When/Then check (FR-SELFCHECK-001 it…
    200|   });

⎯⎯⎯⎯⎯⎯⎯⎯⎯⎯⎯⎯⎯⎯⎯⎯⎯⎯⎯⎯⎯⎯[29/40]⎯

 FAIL  tests/m13b-build-spec-deepening.test.mjs > Phase 2 / AC-04: Spec-Purity grep > SKILL.md declares Spec-Purity grep
AssertionError: SKILL.md must declare Spec-Purity grep (FR-SELFCHECK-002)

- Expected
+ Received

- true
+ false

 ❯ tests/m13b-build-spec-deepening.test.mjs:206:12
    204|   test("SKILL.md declares Spec-Purity grep", () => {
    205|     const c = skill();
    206|     assert.ok(c.includes("Spec-Purity") || c.includes("spec-purity"),
       |            ^
    207|       "SKILL.md must declare Spec-Purity grep (FR-SELFCHECK-002)");
    208|   });

⎯⎯⎯⎯⎯⎯⎯⎯⎯⎯⎯⎯⎯⎯⎯⎯⎯⎯⎯⎯⎯⎯[30/40]⎯

 FAIL  tests/m13b-build-spec-deepening.test.mjs > Phase 2 / AC-04: Spec-Purity grep > SKILL.md states Spec-Purity is non-blocking
AssertionError: Spec-Purity must be declared as non-blocking (FR-SELFCHECK-002)

- Expected
+ Received

- true
+ false

 ❯ tests/m13b-build-spec-deepening.test.mjs:211:12
    209|   test("SKILL.md states Spec-Purity is non-blocking", () => {
    210|     const c = skill();
    211|     assert.ok(
       |            ^
    212|       c.includes("Spec-Purity") && (c.includes("不阻断") || c.includes…
    213|       "Spec-Purity must be declared as non-blocking (FR-SELFCHECK-002)…

⎯⎯⎯⎯⎯⎯⎯⎯⎯⎯⎯⎯⎯⎯⎯⎯⎯⎯⎯⎯⎯⎯[31/40]⎯

 FAIL  tests/m13b-build-spec-deepening.test.mjs > Phase 2 / AC-11: scope-triage 高危词浮现 > SKILL.md declares scope-triage high-risk word surfacing
AssertionError: SKILL.md must declare scope-triage 高危词浮现 (FR-SCOPETRIAGE-001)

- Expected
+ Received

- true
+ false

 ❯ tests/m13b-build-spec-deepening.test.mjs:240:12
    238|   test("SKILL.md declares scope-triage high-risk word surfacing", () =…
    239|     const c = skill();
    240|     assert.ok(c.includes("scope-triage") || c.includes("高危词"),
       |            ^
    241|       "SKILL.md must declare scope-triage 高危词浮现 (FR-SCOPETRIAGE-0…
    242|   });

⎯⎯⎯⎯⎯⎯⎯⎯⎯⎯⎯⎯⎯⎯⎯⎯⎯⎯⎯⎯⎯⎯[32/40]⎯

 FAIL  tests/m13b-build-spec-deepening.test.mjs > Phase 2 / AC-11: scope-triage 高危词浮现 > SKILL.md declares scope-triage is non-blocking
AssertionError: scope-triage must be non-blocking (FR-SCOPETRIAGE-001)

- Expected
+ Received

- true
+ false

 ❯ tests/m13b-build-spec-deepening.test.mjs:245:12
    243|   test("SKILL.md declares scope-triage is non-blocking", () => {
    244|     const c = skill();
    245|     assert.ok(
       |            ^
    246|       (c.includes("scope-triage") || c.includes("高危词")) && (c.inclu…
    247|       "scope-triage must be non-blocking (FR-SCOPETRIAGE-001)");

⎯⎯⎯⎯⎯⎯⎯⎯⎯⎯⎯⎯⎯⎯⎯⎯⎯⎯⎯⎯⎯⎯[33/40]⎯

 FAIL  tests/m13b-build-spec-deepening.test.mjs > Phase 2 / AC-12: spec↔decision-log 一致性检查 > SKILL.md declares decision-log consistency check
AssertionError: SKILL.md must declare spec↔decision-log consistency check (FR-ALIGN-001)

- Expected
+ Received

- true
+ false

 ❯ tests/m13b-build-spec-deepening.test.mjs:254:12
    252|   test("SKILL.md declares decision-log consistency check", () => {
    253|     const c = skill();
    254|     assert.ok(
       |            ^
    255|       c.includes("一致性") || c.includes("FR-ALIGN") || c.includes("KE…
    256|       "SKILL.md must declare spec↔decision-log consistency check (FR-A…

⎯⎯⎯⎯⎯⎯⎯⎯⎯⎯⎯⎯⎯⎯⎯⎯⎯⎯⎯⎯⎯⎯[34/40]⎯

 FAIL  tests/m13b-build-spec-deepening.test.mjs > Phase 2 / AC-12: spec↔decision-log 一致性检查 > SKILL.md declares consistency check is non-blocking
AssertionError: Consistency check must be non-blocking (FR-ALIGN-001)

- Expected
+ Received

- true
+ false

 ❯ tests/m13b-build-spec-deepening.test.mjs:260:12
    258|   test("SKILL.md declares consistency check is non-blocking", () => {
    259|     const c = skill();
    260|     assert.ok(
       |            ^
    261|       (c.includes("一致性") || c.includes("FR-ALIGN")) && (c.includes(…
    262|       "Consistency check must be non-blocking (FR-ALIGN-001)");

⎯⎯⎯⎯⎯⎯⎯⎯⎯⎯⎯⎯⎯⎯⎯⎯⎯⎯⎯⎯⎯⎯[35/40]⎯

 FAIL  tests/m13b-build-spec-deepening.test.mjs > Phase 3 / AC-09: artifact-first standard > SKILL.md declares artifact-first / 只传路径 standard
AssertionError: SKILL.md must declare artifact-first standard (FR-ARTIFACT-001)

- Expected
+ Received

- true
+ false

 ❯ tests/m13b-build-spec-deepening.test.mjs:271:12
    269|   test("SKILL.md declares artifact-first / 只传路径 standard", () => {
    270|     const c = skill();
    271|     assert.ok(
       |            ^
    272|       c.includes("artifact-first") || c.includes("只传路径") || c.incl…
    273|       "SKILL.md must declare artifact-first standard (FR-ARTIFACT-001)…

⎯⎯⎯⎯⎯⎯⎯⎯⎯⎯⎯⎯⎯⎯⎯⎯⎯⎯⎯⎯⎯⎯[36/40]⎯

 FAIL  tests/m13b-build-spec-deepening.test.mjs > Phase 3 / AC-10: REQ-COMM-01/02 communication rules > SKILL.md declares REQ-COMM-01 or 大白话 rule
AssertionError: SKILL.md must declare REQ-COMM-01 plain language rule (FR-COMM-001)

- Expected
+ Received

- true
+ false

 ❯ tests/m13b-build-spec-deepening.test.mjs:280:12
    278|   test("SKILL.md declares REQ-COMM-01 or 大白话 rule", () => {
    279|     const c = skill();
    280|     assert.ok(
       |            ^
    281|       c.includes("REQ-COMM-01") || c.includes("FR-COMM-001") || (c.inc…
    282|       "SKILL.md must declare REQ-COMM-01 plain language rule (FR-COMM-…

⎯⎯⎯⎯⎯⎯⎯⎯⎯⎯⎯⎯⎯⎯⎯⎯⎯⎯⎯⎯⎯⎯[37/40]⎯

 FAIL  tests/m13b-build-spec-deepening.test.mjs > Phase 3 / AC-15: [FRICTION] capture format > SKILL.md declares [FRICTION] entry format
AssertionError: SKILL.md must declare [FRICTION] capture format (FR-FRICTION-001)

- Expected
+ Received

- true
+ false

 ❯ tests/m13b-build-spec-deepening.test.mjs:295:12
    293|   test("SKILL.md declares [FRICTION] entry format", () => {
    294|     const c = skill();
    295|     assert.ok(c.includes("[FRICTION]") || c.includes("FRICTION"),
       |            ^
    296|       "SKILL.md must declare [FRICTION] capture format (FR-FRICTION-00…
    297|   });

⎯⎯⎯⎯⎯⎯⎯⎯⎯⎯⎯⎯⎯⎯⎯⎯⎯⎯⎯⎯⎯⎯[38/40]⎯

 FAIL  tests/m13b-build-spec-deepening.test.mjs > Phase 3 / AC-18: all FR numbers use FR-[A-Z]+-[0-9]{3} format > build-spec SKILL.md version field exists in frontmatter
AssertionError: SKILL.md frontmatter must have version field (AC-18 / S6 version traceability)

- Expected
+ Received

- true
+ false

 ❯ tests/m13b-build-spec-deepening.test.mjs:342:12
    340|     const match = c.match(/^---\n([\s\S]*?)\n---/);
    341|     assert.ok(match, "SKILL.md must have YAML frontmatter");
    342|     assert.ok(match[1].includes("version"), "SKILL.md frontmatter must…
       |            ^
    343|   });
    344| });

⎯⎯⎯⎯⎯⎯⎯⎯⎯⎯⎯⎯⎯⎯⎯⎯⎯⎯⎯⎯⎯⎯[39/40]⎯

 FAIL  tests/m13b-build-spec-deepening.test.mjs > Phase 3 / AC-22: TASK_TRACKING_ROOT used, no hardcoded tracking absolute paths > SKILL.md references TASK_TRACKING_ROOT for tracking file paths
AssertionError: SKILL.md must reference TASK_TRACKING_ROOT for tracking paths (FR-TRACKING-001/002 AC-22)

- Expected
+ Received

- true
+ false

 ❯ tests/m13b-build-spec-deepening.test.mjs:348:12
    346| describe("Phase 3 / AC-22: TASK_TRACKING_ROOT used, no hardcoded track…
    347|   test("SKILL.md references TASK_TRACKING_ROOT for tracking file paths…
    348|     assert.ok(skill().includes("TASK_TRACKING_ROOT"),
       |            ^
    349|       "SKILL.md must reference TASK_TRACKING_ROOT for tracking paths (…
    350|   });

⎯⎯⎯⎯⎯⎯⎯⎯⎯⎯⎯⎯⎯⎯⎯⎯⎯⎯⎯⎯⎯⎯[40/40]⎯

