
> workflowhub@0.0.0 test
> vitest run tests/m13b-build-spec-deepening.test.mjs --reporter=verbose


 RUN  v2.1.9 /Users/Hugh/Hugh/Project/workflowhub

 × tests/m13b-build-spec-deepening.test.mjs > Phase 1 / AC-06: TASK_TRACKING_ROOT env var declared > SKILL.md contains TASK_TRACKING_ROOT
   → TASK_TRACKING_ROOT must appear in build-spec SKILL.md (FR-TRACKING-001)
 × tests/m13b-build-spec-deepening.test.mjs > Phase 1 / AC-06: TASK_TRACKING_ROOT env var declared > SKILL.md declares default path ~/Knowledge/workflowhub/
   → Default TASK_TRACKING_ROOT path must be declared (FR-TRACKING-001)
 × tests/m13b-build-spec-deepening.test.mjs > Phase 1 / AC-06: TASK_TRACKING_ROOT env var declared > SKILL.md states warn-not-stop behaviour for missing TASK_TRACKING_ROOT
   → SKILL.md must declare warn (not stop) on missing TASK_TRACKING_ROOT (FR-TRACKING-001)
 × tests/m13b-build-spec-deepening.test.mjs > Phase 1 / AC-13: --task-dir parameter convention > SKILL.md declares --task-dir parameter
   → --task-dir parameter must be declared in build-spec SKILL.md (FR-TASKDIR-001)
 × tests/m13b-build-spec-deepening.test.mjs > Phase 1 / AC-13: --task-dir parameter convention > SKILL.md states fallback behaviour for missing --task-dir
   → SKILL.md must declare fallback/default path when --task-dir is absent (FR-TASKDIR-001)
 × tests/m13b-build-spec-deepening.test.mjs > Phase 1 / AC-20: three-layer spec structure > SKILL.md declares 速读卡 (layer 1)
   → SKILL.md must declare 速读卡/层1 in three-layer structure (FR-STRUCTURE-001)
 × tests/m13b-build-spec-deepening.test.mjs > Phase 1 / AC-20: three-layer spec structure > SKILL.md declares 附录 (layer 3)
   → SKILL.md must declare 附录/层3 in three-layer structure (FR-STRUCTURE-001)
 × tests/m13b-build-spec-deepening.test.mjs > Phase 1 / AC-20: three-layer spec structure > SKILL.md declares 正文 (layer 2)
   → SKILL.md must declare 正文/层2 in three-layer structure (FR-STRUCTURE-001)
 × tests/m13b-build-spec-deepening.test.mjs > Phase 1 / AC-14: Known Gaps section requirement > SKILL.md requires Known Gaps section in spec output
   → SKILL.md must require Known Gaps section (FR-STRUCTURE-002)
 × tests/m13b-build-spec-deepening.test.mjs > Phase 1 / AC-07: FR-{DOMAIN}-NNN numbering format > SKILL.md declares FR-{DOMAIN}-NNN format
   → SKILL.md must declare FR-{DOMAIN}-NNN numbering format (FR-NUMBERING-001)
 × tests/m13b-build-spec-deepening.test.mjs > Phase 1 / AC-08: spec-acceptance-count.json production > SKILL.md declares spec-acceptance-count.json output step
   → SKILL.md must declare spec-acceptance-count.json output (FR-ACCOUNT-001)
 × tests/m13b-build-spec-deepening.test.mjs > Phase 1 / AC-08: spec-acceptance-count.json production > SKILL.md declares ac_count field
   → SKILL.md must declare ac_count field in spec-acceptance-count.json (FR-ACCOUNT-001)
 × tests/m13b-build-spec-deepening.test.mjs > Phase 1 / AC-08: spec-acceptance-count.json production > SKILL.md declares fr_count field
   → SKILL.md must declare fr_count field (FR-ACCOUNT-001)
 × tests/m13b-build-spec-deepening.test.mjs > Phase 1 / AC-08: spec-acceptance-count.json production > SKILL.md declares counted_at field
   → SKILL.md must declare counted_at field (FR-ACCOUNT-001)
 × tests/m13b-build-spec-deepening.test.mjs > Phase 2 / AC-01: 质量事实契约 5 items > SKILL.md declares 质量事实契约 section
   → SKILL.md must declare 质量事实契约 section (FR-CONTRACT-001)
 × tests/m13b-build-spec-deepening.test.mjs > Phase 2 / AC-01: 质量事实契约 5 items > SKILL.md includes scope 边界 as contract item 1
   → 契约 item 1: scope 边界 (FR-CONTRACT-001)
 × tests/m13b-build-spec-deepening.test.mjs > Phase 2 / AC-01: 质量事实契约 5 items > SKILL.md includes 自检结果 as contract item 2
   → 契约 item 2: 自检结果 (FR-CONTRACT-001)
 × tests/m13b-build-spec-deepening.test.mjs > Phase 2 / AC-01: 质量事实契约 5 items > SKILL.md includes 独立审查摘要 as contract item 3
   → 契约 item 3: 独立审查摘要 (FR-CONTRACT-001)
 × tests/m13b-build-spec-deepening.test.mjs > Phase 2 / AC-01: 质量事实契约 5 items > SKILL.md includes 未解风险 as contract item 4
   → 契约 item 4: 未解风险 (FR-CONTRACT-001)
 × tests/m13b-build-spec-deepening.test.mjs > Phase 2 / AC-01: 质量事实契约 5 items > SKILL.md includes handoff required_reads as contract item 5
   → 契约 item 5: handoff required_reads (FR-CONTRACT-001)
 × tests/m13b-build-spec-deepening.test.mjs > Phase 2 / AC-01: 质量事实契约 5 items > SKILL.md declares contract items are non-blocking (FR-CONTRACT-002)
   → 契约必须明确为非阻断 (FR-CONTRACT-002)
 × tests/m13b-build-spec-deepening.test.mjs > Phase 2 / AC-02: spec-ladder A/B/C 档 > SKILL.md declares spec-ladder
   → SKILL.md must declare spec-ladder (FR-LADDER-001)
 × tests/m13b-build-spec-deepening.test.mjs > Phase 2 / AC-02: spec-ladder A/B/C 档 > SKILL.md defines A 档
   → SKILL.md must define A 档 (FR-LADDER-001)
 × tests/m13b-build-spec-deepening.test.mjs > Phase 2 / AC-02: spec-ladder A/B/C 档 > SKILL.md defines B 档
   → SKILL.md must define B 档 (FR-LADDER-001)
 × tests/m13b-build-spec-deepening.test.mjs > Phase 2 / AC-02: spec-ladder A/B/C 档 > SKILL.md defines C 档
   → SKILL.md must define C 档 (FR-LADDER-001)
 × tests/m13b-build-spec-deepening.test.mjs > Phase 2 / AC-02: spec-ladder A/B/C 档 > SKILL.md declares F10 four-question at ladder stage (FR-LADDER-002)
   → SKILL.md must include F10 four-question in ladder judgment (FR-LADDER-002)
 ✓ tests/m13b-build-spec-deepening.test.mjs > Phase 2 / AC-19: spec pipeline steps > SKILL.md mentions spec-specify as pipeline step
 ✓ tests/m13b-build-spec-deepening.test.mjs > Phase 2 / AC-19: spec pipeline steps > SKILL.md mentions spec-clarify as pipeline step
 ✓ tests/m13b-build-spec-deepening.test.mjs > Phase 2 / AC-19: spec pipeline steps > SKILL.md declares spec pipeline order (spec-specify → spec-clarify → ...)
 × tests/m13b-build-spec-deepening.test.mjs > Phase 2 / AC-03: 7 self-check items > SKILL.md declares 7 self-check (7 条自检)
   → SKILL.md must declare 7-item self-check (FR-SELFCHECK-001)
 × tests/m13b-build-spec-deepening.test.mjs > Phase 2 / AC-03: 7 self-check items > SKILL.md includes self-check item for FR numbering format
   → 7条自检 must include FR format check (FR-SELFCHECK-001 item 2)
 × tests/m13b-build-spec-deepening.test.mjs > Phase 2 / AC-03: 7 self-check items > SKILL.md includes self-check item for Given/When/Then scenes
   → 7条自检 must include Given/When/Then check (FR-SELFCHECK-001 item 3)
 × tests/m13b-build-spec-deepening.test.mjs > Phase 2 / AC-04: Spec-Purity grep > SKILL.md declares Spec-Purity grep
   → SKILL.md must declare Spec-Purity grep (FR-SELFCHECK-002)
 × tests/m13b-build-spec-deepening.test.mjs > Phase 2 / AC-04: Spec-Purity grep > SKILL.md states Spec-Purity is non-blocking
   → Spec-Purity must be declared as non-blocking (FR-SELFCHECK-002)
 ✓ tests/m13b-build-spec-deepening.test.mjs > Phase 2 / AC-05: 异源 3rd-review 独立审查 > SKILL.md declares 3rd-review or 异源独立审查
 ✓ tests/m13b-build-spec-deepening.test.mjs > Phase 2 / AC-05: 异源 3rd-review 独立审查 > SKILL.md prohibits self-review (FR-REVIEW-002)
 ✓ tests/m13b-build-spec-deepening.test.mjs > Phase 2 / AC-05: 异源 3rd-review 独立审查 > SKILL.md declares review is non-blocking
 × tests/m13b-build-spec-deepening.test.mjs > Phase 2 / AC-11: scope-triage 高危词浮现 > SKILL.md declares scope-triage high-risk word surfacing
   → SKILL.md must declare scope-triage 高危词浮现 (FR-SCOPETRIAGE-001)
 × tests/m13b-build-spec-deepening.test.mjs > Phase 2 / AC-11: scope-triage 高危词浮现 > SKILL.md declares scope-triage is non-blocking
   → scope-triage must be non-blocking (FR-SCOPETRIAGE-001)
 × tests/m13b-build-spec-deepening.test.mjs > Phase 2 / AC-12: spec↔decision-log 一致性检查 > SKILL.md declares decision-log consistency check
   → SKILL.md must declare spec↔decision-log consistency check (FR-ALIGN-001)
 × tests/m13b-build-spec-deepening.test.mjs > Phase 2 / AC-12: spec↔decision-log 一致性检查 > SKILL.md declares consistency check is non-blocking
   → Consistency check must be non-blocking (FR-ALIGN-001)
 × tests/m13b-build-spec-deepening.test.mjs > Phase 3 / AC-09: artifact-first standard > SKILL.md declares artifact-first / 只传路径 standard
   → SKILL.md must declare artifact-first standard (FR-ARTIFACT-001)
 × tests/m13b-build-spec-deepening.test.mjs > Phase 3 / AC-10: REQ-COMM-01/02 communication rules > SKILL.md declares REQ-COMM-01 or 大白话 rule
   → SKILL.md must declare REQ-COMM-01 plain language rule (FR-COMM-001)
 ✓ tests/m13b-build-spec-deepening.test.mjs > Phase 3 / AC-10: REQ-COMM-01/02 communication rules > SKILL.md declares REQ-COMM-02 or 进度报告 rule
 × tests/m13b-build-spec-deepening.test.mjs > Phase 3 / AC-15: [FRICTION] capture format > SKILL.md declares [FRICTION] entry format
   → SKILL.md must declare [FRICTION] capture format (FR-FRICTION-001)
 ✓ tests/m13b-build-spec-deepening.test.mjs > Phase 3 / AC-16: D3 deleted items not present as active mechanisms > SKILL.md does NOT use gate.sh as an active execution call
 ✓ tests/m13b-build-spec-deepening.test.mjs > Phase 3 / AC-16: D3 deleted items not present as active mechanisms > SKILL.md does NOT use post_review_pass as an active gate
 ✓ tests/m13b-build-spec-deepening.test.mjs > Phase 3 / AC-16: D3 deleted items not present as active mechanisms > SKILL.md does NOT use [DECOMP] telemetry emission
 ✓ tests/m13b-build-spec-deepening.test.mjs > Phase 3 / AC-17: spec-acceptance-count.json file validity > spec-acceptance-count.json exists
 ✓ tests/m13b-build-spec-deepening.test.mjs > Phase 3 / AC-17: spec-acceptance-count.json file validity > spec-acceptance-count.json has non-null ac_count
 ✓ tests/m13b-build-spec-deepening.test.mjs > Phase 3 / AC-17: spec-acceptance-count.json file validity > spec-acceptance-count.json has non-null fr_count
 ✓ tests/m13b-build-spec-deepening.test.mjs > Phase 3 / AC-17: spec-acceptance-count.json file validity > spec-acceptance-count.json has non-null counted_at ISO8601
 × tests/m13b-build-spec-deepening.test.mjs > Phase 3 / AC-18: all FR numbers use FR-[A-Z]+-[0-9]{3} format > build-spec SKILL.md version field exists in frontmatter
   → SKILL.md frontmatter must have version field (AC-18 / S6 version traceability)
 × tests/m13b-build-spec-deepening.test.mjs > Phase 3 / AC-22: TASK_TRACKING_ROOT used, no hardcoded tracking absolute paths > SKILL.md references TASK_TRACKING_ROOT for tracking file paths
   → SKILL.md must reference TASK_TRACKING_ROOT for tracking paths (FR-TRACKING-001/002 AC-22)
 ✓ tests/m13b-build-spec-deepening.test.mjs > Phase 3 / AC-22: TASK_TRACKING_ROOT used, no hardcoded tracking absolute paths > SKILL.md does not use ~/Knowledge/ as a hardcoded write path (only allowed as default-value declaration)

 Test Files  1 failed (1)
      Tests  40 failed | 15 passed (55)
   Start at  16:20:16
   Duration  157ms (transform 13ms, setup 0ms, collect 14ms, tests 12ms, environment 0ms, prepare 33ms)

