⎯⎯⎯⎯⎯⎯ Failed Tests 10 ⎯⎯⎯⎯⎯⎯⎯

 FAIL  tests/moat-skills-phase1.test.mjs > Stage 1 moat skill files > talk-with-zhipeng SKILL.md exists with required frontmatter and sections
AssertionError: Missing required file: skills/talk-with-zhipeng/SKILL.md

- Expected
+ Received

- true
+ false

 ❯ readRequiredFile tests/moat-skills-phase1.test.mjs:14:10
     12| function readRequiredFile(...parts) {
     13|   const p = filePath(...parts);
     14|   assert.ok(existsSync(p), `Missing required file: ${parts.join("/")}`…
       |          ^
     15|   return readFileSync(p, "utf8");
     16| }
 ❯ tests/moat-skills-phase1.test.mjs:63:21

⎯⎯⎯⎯⎯⎯⎯⎯⎯⎯⎯⎯⎯⎯⎯⎯⎯⎯⎯⎯⎯⎯⎯[1/10]⎯

 FAIL  tests/moat-skills-phase1.test.mjs > Stage 1 moat skill files > grill-with-docs full file set exists with required frontmatter
AssertionError: Missing required file: skills/grill-with-docs/SKILL.md

- Expected
+ Received

- true
+ false

 ❯ readRequiredFile tests/moat-skills-phase1.test.mjs:14:10
     12| function readRequiredFile(...parts) {
     13|   const p = filePath(...parts);
     14|   assert.ok(existsSync(p), `Missing required file: ${parts.join("/")}`…
       |          ^
     15|   return readFileSync(p, "utf8");
     16| }
 ❯ tests/moat-skills-phase1.test.mjs:73:19

⎯⎯⎯⎯⎯⎯⎯⎯⎯⎯⎯⎯⎯⎯⎯⎯⎯⎯⎯⎯⎯⎯⎯[2/10]⎯

 FAIL  tests/moat-skills-phase1.test.mjs > Stage 1 moat skill files > intake-decision-review SKILL.md exists with required frontmatter
AssertionError: Missing required file: skills/intake-decision-review/SKILL.md

- Expected
+ Received

- true
+ false

 ❯ readRequiredFile tests/moat-skills-phase1.test.mjs:14:10
     12| function readRequiredFile(...parts) {
     13|   const p = filePath(...parts);
     14|   assert.ok(existsSync(p), `Missing required file: ${parts.join("/")}`…
       |          ^
     15|   return readFileSync(p, "utf8");
     16| }
 ❯ tests/moat-skills-phase1.test.mjs:84:21

⎯⎯⎯⎯⎯⎯⎯⎯⎯⎯⎯⎯⎯⎯⎯⎯⎯⎯⎯⎯⎯⎯⎯[3/10]⎯

 FAIL  tests/moat-skills-phase1.test.mjs > Stage 1 moat skills avoid host-specific residue > talk-with-zhipeng has no multica-agenthub, gbrain, office-hours, or host path residue
AssertionError: Missing required directory: skills/talk-with-zhipeng

- Expected
+ Received

- true
+ false

 ❯ listFilesRecursive tests/moat-skills-phase1.test.mjs:34:10
     32| function listFilesRecursive(relativeDir) {
     33|   const root = filePath(relativeDir);
     34|   assert.ok(existsSync(root), `Missing required directory: ${relativeD…
       |          ^
     35|   const files = [];
     36| 
 ❯ assertNoForbiddenStrings tests/moat-skills-phase1.test.mjs:51:19
 ❯ tests/moat-skills-phase1.test.mjs:91:5

⎯⎯⎯⎯⎯⎯⎯⎯⎯⎯⎯⎯⎯⎯⎯⎯⎯⎯⎯⎯⎯⎯⎯[4/10]⎯

 FAIL  tests/moat-skills-phase1.test.mjs > Stage 1 moat skills avoid host-specific residue > grill-with-docs has no local absolute paths or host environment references
AssertionError: Missing required directory: skills/grill-with-docs

- Expected
+ Received

- true
+ false

 ❯ listFilesRecursive tests/moat-skills-phase1.test.mjs:34:10
     32| function listFilesRecursive(relativeDir) {
     33|   const root = filePath(relativeDir);
     34|   assert.ok(existsSync(root), `Missing required directory: ${relativeD…
       |          ^
     35|   const files = [];
     36| 
 ❯ assertNoForbiddenStrings tests/moat-skills-phase1.test.mjs:51:19
 ❯ tests/moat-skills-phase1.test.mjs:99:5

⎯⎯⎯⎯⎯⎯⎯⎯⎯⎯⎯⎯⎯⎯⎯⎯⎯⎯⎯⎯⎯⎯⎯[5/10]⎯

 FAIL  tests/moat-skills-phase1.test.mjs > Stage 1 moat skills avoid host-specific residue > intake-decision-review has no local absolute paths or host environment references
AssertionError: Missing required directory: skills/intake-decision-review

- Expected
+ Received

- true
+ false

 ❯ listFilesRecursive tests/moat-skills-phase1.test.mjs:34:10
     32| function listFilesRecursive(relativeDir) {
     33|   const root = filePath(relativeDir);
     34|   assert.ok(existsSync(root), `Missing required directory: ${relativeD…
       |          ^
     35|   const files = [];
     36| 
 ❯ assertNoForbiddenStrings tests/moat-skills-phase1.test.mjs:51:19
 ❯ tests/moat-skills-phase1.test.mjs:107:5

⎯⎯⎯⎯⎯⎯⎯⎯⎯⎯⎯⎯⎯⎯⎯⎯⎯⎯⎯⎯⎯⎯⎯[6/10]⎯

 FAIL  tests/moat-skills-phase1.test.mjs > intake-decision-review execution protocol > contains S0 through S9 protocol steps
AssertionError: Missing required file: skills/intake-decision-review/SKILL.md

- Expected
+ Received

- true
+ false

 ❯ readRequiredFile tests/moat-skills-phase1.test.mjs:14:10
     12| function readRequiredFile(...parts) {
     13|   const p = filePath(...parts);
     14|   assert.ok(existsSync(p), `Missing required file: ${parts.join("/")}`…
       |          ^
     15|   return readFileSync(p, "utf8");
     16| }
 ❯ tests/moat-skills-phase1.test.mjs:117:21

⎯⎯⎯⎯⎯⎯⎯⎯⎯⎯⎯⎯⎯⎯⎯⎯⎯⎯⎯⎯⎯⎯⎯[7/10]⎯

 FAIL  tests/moat-skills-phase1.test.mjs > intake-decision-review execution protocol > defines the three-angle review contract and exactly three findings
AssertionError: Missing required file: skills/intake-decision-review/SKILL.md

- Expected
+ Received

- true
+ false

 ❯ readRequiredFile tests/moat-skills-phase1.test.mjs:14:10
     12| function readRequiredFile(...parts) {
     13|   const p = filePath(...parts);
     14|   assert.ok(existsSync(p), `Missing required file: ${parts.join("/")}`…
       |          ^
     15|   return readFileSync(p, "utf8");
     16| }
 ❯ tests/moat-skills-phase1.test.mjs:124:21

⎯⎯⎯⎯⎯⎯⎯⎯⎯⎯⎯⎯⎯⎯⎯⎯⎯⎯⎯⎯⎯⎯⎯[8/10]⎯

 FAIL  tests/moat-skills-phase1.test.mjs > intake-decision-review execution protocol > rejects fallback and incomplete findings without inventing missing angles
AssertionError: Missing required file: skills/intake-decision-review/SKILL.md

- Expected
+ Received

- true
+ false

 ❯ readRequiredFile tests/moat-skills-phase1.test.mjs:14:10
     12| function readRequiredFile(...parts) {
     13|   const p = filePath(...parts);
     14|   assert.ok(existsSync(p), `Missing required file: ${parts.join("/")}`…
       |          ^
     15|   return readFileSync(p, "utf8");
     16| }
 ❯ tests/moat-skills-phase1.test.mjs:133:21

⎯⎯⎯⎯⎯⎯⎯⎯⎯⎯⎯⎯⎯⎯⎯⎯⎯⎯⎯⎯⎯⎯⎯[9/10]⎯

 FAIL  tests/moat-skills-phase1.test.mjs > intake-decision-review execution protocol > S2, S4, and S9 user communication rules are explicit
AssertionError: Missing required file: skills/intake-decision-review/SKILL.md

- Expected
+ Received

- true
+ false

 ❯ readRequiredFile tests/moat-skills-phase1.test.mjs:14:10
     12| function readRequiredFile(...parts) {
     13|   const p = filePath(...parts);
     14|   assert.ok(existsSync(p), `Missing required file: ${parts.join("/")}`…
       |          ^
     15|   return readFileSync(p, "utf8");
     16| }
 ❯ tests/moat-skills-phase1.test.mjs:142:21

⎯⎯⎯⎯⎯⎯⎯⎯⎯⎯⎯⎯⎯⎯⎯⎯⎯⎯⎯⎯⎯⎯[10/10]⎯

