
 RUN  v2.1.9 /Users/Hugh/Hugh/Project/workflowhub

 ❯ tests/moat-skills-phase1.test.mjs (10 tests | 10 failed) 4ms
   × Stage 1 moat skill files > talk-with-zhipeng SKILL.md exists with required frontmatter and sections 3ms
     → Missing required file: skills/talk-with-zhipeng/SKILL.md
   × Stage 1 moat skill files > grill-with-docs full file set exists with required frontmatter 0ms
     → Missing required file: skills/grill-with-docs/SKILL.md
   × Stage 1 moat skill files > intake-decision-review SKILL.md exists with required frontmatter 0ms
     → Missing required file: skills/intake-decision-review/SKILL.md
   × Stage 1 moat skills avoid host-specific residue > talk-with-zhipeng has no multica-agenthub, gbrain, office-hours, or host path residue 0ms
     → Missing required directory: skills/talk-with-zhipeng
   × Stage 1 moat skills avoid host-specific residue > grill-with-docs has no local absolute paths or host environment references 0ms
     → Missing required directory: skills/grill-with-docs
   × Stage 1 moat skills avoid host-specific residue > intake-decision-review has no local absolute paths or host environment references 0ms
     → Missing required directory: skills/intake-decision-review
   × intake-decision-review execution protocol > contains S0 through S9 protocol steps 0ms
     → Missing required file: skills/intake-decision-review/SKILL.md
   × intake-decision-review execution protocol > defines the three-angle review contract and exactly three findings 0ms
     → Missing required file: skills/intake-decision-review/SKILL.md
   × intake-decision-review execution protocol > rejects fallback and incomplete findings without inventing missing angles 0ms
     → Missing required file: skills/intake-decision-review/SKILL.md
   × intake-decision-review execution protocol > S2, S4, and S9 user communication rules are explicit 0ms
     → Missing required file: skills/intake-decision-review/SKILL.md

 Test Files  1 failed (1)
      Tests  10 failed (10)
   Start at  23:51:01
   Duration  144ms (transform 12ms, setup 0ms, collect 9ms, tests 4ms, environment 0ms, prepare 36ms)

